caseID,time,state,A,B,C,D,E,F,a,b,c,d,e,f,g,K,activity
1065443645,-1,BB00,false,false,false,false,false,false,false,false,false,false,false,false,false,false,reset
1065443645,0,BB01,false,false,false,false,false,false,false,false,false,false,true,false,false,false,add(e)
1065443645,1,BB02,false,false,false,false,false,true,false,false,false,false,true,false,false,false,add(F)
1065443645,2,BB03,false,false,false,false,false,true,false,false,false,false,true,true,false,false,add(f)
1065443645,3,BB04,false,false,false,false,false,true,false,false,false,false,true,true,true,false,add(g)
1065443645,4,BB05,false,false,false,false,false,true,false,false,false,false,true,true,true,true,add(K)
1065443645,5,BB06,false,false,false,false,true,true,false,false,false,false,true,true,true,true,add(E)
1065443645,6,BB06,true,false,false,false,true,true,false,false,false,false,true,true,true,true,add(A)
1065443645,7,BB06,true,false,false,false,true,true,false,false,false,false,true,true,true,true,deadlock
1179858692,-1,BB00,false,false,false,false,false,false,false,false,false,false,false,false,false,false,reset
1179858692,0,BB01,false,false,false,false,false,false,false,false,false,false,true,false,false,false,add(e)
1179858692,1,BB02,false,false,false,false,false,true,false,false,false,false,true,false,false,false,add(F)
1179858692,2,BB03,false,false,false,false,false,true,false,false,false,false,true,true,false,false,add(f)
1179858692,3,BB04,false,false,false,false,false,true,false,false,false,false,true,true,true,false,add(g)
1179858692,4,BB05,false,false,false,false,false,true,false,false,false,false,true,true,true,true,add(K)
1179858692,5,BB06,false,false,false,false,true,true,false,false,false,false,true,true,true,true,add(E)
1179858692,6,BB06,true,false,false,false,true,true,false,false,false,false,true,true,true,true,add(A)
1179858692,7,BB06,true,false,false,false,true,true,false,false,false,false,true,true,true,true,deadlock
1841166166,-1,BB00,false,false,false,false,false,false,false,false,false,false,false,false,false,false,reset
1841166166,0,BB01,false,false,false,false,false,false,false,false,false,false,true,false,false,false,add(e)
1841166166,1,BB02,false,false,false,false,false,true,false,false,false,false,true,false,false,false,add(F)
1841166166,2,BB03,false,false,false,false,false,true,false,false,false,false,true,true,false,false,add(f)
1841166166,3,BB04,false,false,false,false,false,true,false,false,false,false,true,true,true,false,add(g)
1841166166,4,BB05,false,false,false,false,false,true,false,false,false,false,true,true,true,true,add(K)
1841166166,5,BB06,false,false,false,false,true,true,false,false,false,false,true,true,true,true,add(E)
1841166166,6,BB06,true,false,false,false,true,true,false,false,false,false,true,true,true,true,add(A)
1841166166,7,BB06,true,false,false,false,true,true,false,false,false,false,true,true,true,true,deadlock
397058667,-1,BB00,false,false,false,false,false,false,false,false,false,false,false,false,false,false,reset
397058667,0,BB01,false,false,false,false,false,false,false,false,false,false,true,false,false,false,add(e)
397058667,1,BB02,false,false,false,false,false,true,false,false,false,false,true,false,false,false,add(F)
397058667,2,BB03,false,false,false,false,false,true,false,false,false,false,true,true,false,false,add(f)
397058667,3,BB04,false,false,false,false,false,true,false,false,false,false,true,true,true,false,add(g)
397058667,4,BB05,false,false,false,false,false,true,false,false,false,false,true,true,true,true,add(K)
397058667,5,BB06,false,false,false,false,true,true,false,false,false,false,true,true,true,true,add(E)
397058667,6,BB06,true,false,false,false,true,true,false,false,false,false,true,true,true,true,add(A)
397058667,7,BB06,true,false,false,false,true,true,false,false,false,false,true,true,true,true,deadlock
1512237791,-1,BB00,false,false,false,false,false,false,false,false,false,false,false,false,false,false,reset
1512237791,0,BB01,false,false,false,false,false,false,false,false,false,false,true,false,false,false,add(e)
1512237791,1,BB02,false,false,false,false,false,true,false,false,false,false,true,false,false,false,add(F)
1512237791,2,BB03,false,false,false,false,false,true,false,false,false,false,true,true,false,false,add(f)
1512237791,3,BB04,false,false,false,false,false,true,false,false,false,false,true,true,true,false,add(g)
1512237791,4,BB05,false,false,false,false,false,true,false,false,false,false,true,true,true,true,add(K)
1512237791,5,BB06,false,false,false,false,true,true,false,false,false,false,true,true,true,true,add(E)
1512237791,6,BB06,true,false,false,false,true,true,false,false,false,false,true,true,true,true,add(A)
1512237791,7,BB06,true,false,false,false,true,true,false,false,false,false,true,true,true,true,deadlock
1059573738,-1,BB00,false,false,false,false,false,false,false,false,false,false,false,false,false,false,reset
1059573738,0,BB01,false,false,false,false,false,false,false,false,false,false,true,false,false,false,add(e)
1059573738,1,BB02,false,false,false,false,false,true,false,false,false,false,true,false,false,false,add(F)
1059573738,2,BB03,false,false,false,false,false,true,false,false,false,false,true,true,false,false,add(f)
1059573738,3,BB04,false,false,false,false,false,true,false,false,false,false,true,true,true,false,add(g)
1059573738,4,BB05,false,false,false,false,false,true,false,false,false,false,true,true,true,true,add(K)
1059573738,5,BB06,false,false,false,false,true,true,false,false,false,false,true,true,true,true,add(E)
1059573738,6,BB06,true,false,false,false,true,true,false,false,false,false,true,true,true,true,add(A)
1059573738,7,BB06,true,false,false,false,true,true,false,false,false,false,true,true,true,true,deadlock
117836082,-1,BB00,false,false,false,false,false,false,false,false,false,false,false,false,false,false,reset
117836082,0,BB01,false,false,false,false,false,false,false,false,false,false,true,false,false,false,add(e)
117836082,1,BB02,false,false,false,false,false,true,false,false,false,false,true,false,false,false,add(F)
117836082,2,BB03,false,false,false,false,false,true,false,false,false,false,true,true,false,false,add(f)
117836082,3,BB04,false,false,false,false,false,true,false,false,false,false,true,true,true,false,add(g)
117836082,4,BB05,false,false,false,false,false,true,false,false,false,false,true,true,true,true,add(K)
117836082,5,BB06,false,false,false,false,true,true,false,false,false,false,true,true,true,true,add(E)
117836082,6,BB06,true,false,false,false,true,true,false,false,false,false,true,true,true,true,add(A)
117836082,7,BB06,true,false,false,false,true,true,false,false,false,false,true,true,true,true,deadlock
1249449050,-1,BB00,false,false,false,false,false,false,false,false,false,false,false,false,false,false,reset
1249449050,0,BB01,false,false,false,false,false,false,false,false,false,false,true,false,false,false,add(e)
1249449050,1,BB02,false,false,false,false,false,true,false,false,false,false,true,false,false,false,add(F)
1249449050,2,BB03,false,false,false,false,false,true,false,false,false,false,true,true,false,false,add(f)
1249449050,3,BB04,false,false,false,false,false,true,false,false,false,false,true,true,true,false,add(g)
1249449050,4,BB05,false,false,false,false,false,true,false,false,false,false,true,true,true,true,add(K)
1249449050,5,BB06,false,false,false,false,true,true,false,false,false,false,true,true,true,true,add(E)
1249449050,6,BB06,true,false,false,false,true,true,false,false,false,false,true,true,true,true,add(A)
1249449050,7,BB06,true,false,false,false,true,true,false,false,false,false,true,true,true,true,deadlock
948144358,-1,BB00,false,false,false,false,false,false,false,false,false,false,false,false,false,false,reset
948144358,0,BB01,false,false,false,false,false,false,false,false,false,false,true,false,false,false,add(e)
948144358,1,BB02,false,false,false,false,false,true,false,false,false,false,true,false,false,false,add(F)
948144358,2,BB03,false,false,false,false,false,true,false,false,false,false,true,true,false,false,add(f)
948144358,3,BB04,false,false,false,false,false,true,false,false,false,false,true,true,true,false,add(g)
948144358,4,BB05,false,false,false,false,false,true,false,false,false,false,true,true,true,true,add(K)
948144358,5,BB06,false,false,false,false,true,true,false,false,false,false,true,true,true,true,add(E)
948144358,6,BB06,true,false,false,false,true,true,false,false,false,false,true,true,true,true,add(A)
948144358,7,BB06,true,false,false,false,true,true,false,false,false,false,true,true,true,true,deadlock
1907235177,-1,BB00,false,false,false,false,false,false,false,false,false,false,false,false,false,false,reset
1907235177,0,BB01,false,false,false,false,false,false,false,false,false,false,true,false,false,false,add(e)
1907235177,1,BB02,false,false,false,false,false,true,false,false,false,false,true,false,false,false,add(F)
1907235177,2,BB03,false,false,false,false,false,true,false,false,false,false,true,true,false,false,add(f)
1907235177,3,BB04,false,false,false,false,false,true,false,false,false,false,true,true,true,false,add(g)
1907235177,4,BB05,false,false,false,false,false,true,false,false,false,false,true,true,true,true,add(K)
1907235177,5,BB06,false,false,false,false,true,true,false,false,false,false,true,true,true,true,add(E)
1907235177,6,BB06,true,false,false,false,true,true,false,false,false,false,true,true,true,true,add(A)
1907235177,7,BB06,true,false,false,false,true,true,false,false,false,false,true,true,true,true,deadlock
1399673499,-1,BB00,false,false,false,false,false,false,false,false,false,false,false,false,false,false,reset
1399673499,0,BB01,false,false,false,false,false,false,false,false,false,false,true,false,false,false,add(e)
1399673499,1,BB02,false,false,false,false,false,true,false,false,false,false,true,false,false,false,add(F)
1399673499,2,BB03,false,false,false,false,false,true,false,false,false,false,true,true,false,false,add(f)
1399673499,3,BB04,false,false,false,false,false,true,false,false,false,false,true,true,true,false,add(g)
1399673499,4,BB05,false,false,false,false,false,true,false,false,false,false,true,true,true,true,add(K)
1399673499,5,BB06,false,false,false,false,true,true,false,false,false,false,true,true,true,true,add(E)
1399673499,6,BB06,true,false,false,false,true,true,false,false,false,false,true,true,true,true,add(A)
1399673499,7,BB06,true,false,false,false,true,true,false,false,false,false,true,true,true,true,deadlock
177076359,-1,BB00,false,false,false,false,false,false,false,false,false,false,false,false,false,false,reset
177076359,0,BB01,false,false,false,false,false,false,false,false,false,false,true,false,false,false,add(e)
177076359,1,BB02,false,false,false,false,false,true,false,false,false,false,true,false,false,false,add(F)
177076359,2,BB03,false,false,false,false,false,true,false,false,false,false,true,true,false,false,add(f)
177076359,3,BB04,false,false,false,false,false,true,false,false,false,false,true,true,true,false,add(g)
177076359,4,BB05,false,false,false,false,false,true,false,false,false,false,true,true,true,true,add(K)
177076359,5,BB06,false,false,false,false,true,true,false,false,false,false,true,true,true,true,add(E)
177076359,6,BB06,true,false,false,false,true,true,false,false,false,false,true,true,true,true,add(A)
177076359,7,BB06,true,false,false,false,true,true,false,false,false,false,true,true,true,true,deadlock
1691173801,-1,BB00,false,false,false,false,false,false,false,false,false,false,false,false,false,false,reset
1691173801,0,BB01,false,false,false,false,false,false,false,false,false,false,true,false,false,false,add(e)
1691173801,1,BB02,false,false,false,false,false,true,false,false,false,false,true,false,false,false,add(F)
1691173801,2,BB03,false,false,false,false,false,true,false,false,false,false,true,true,false,false,add(f)
1691173801,3,BB04,false,false,false,false,false,true,false,false,false,false,true,true,true,false,add(g)
1691173801,4,BB05,false,false,false,false,false,true,false,false,false,false,true,true,true,true,add(K)
1691173801,5,BB06,false,false,false,false,true,true,false,false,false,false,true,true,true,true,add(E)
1691173801,6,BB06,true,false,false,false,true,true,false,false,false,false,true,true,true,true,add(A)
1691173801,7,BB06,true,false,false,false,true,true,false,false,false,false,true,true,true,true,deadlock
789296946,-1,BB00,false,false,false,false,false,false,false,false,false,false,false,false,false,false,reset
789296946,0,BB01,false,false,false,false,false,false,false,false,false,false,true,false,false,false,add(e)
789296946,1,BB02,false,false,false,false,false,true,false,false,false,false,true,false,false,false,add(F)
789296946,2,BB03,false,false,false,false,false,true,false,false,false,false,true,true,false,false,add(f)
789296946,3,BB04,false,false,false,false,false,true,false,false,false,false,true,true,true,false,add(g)
789296946,4,BB05,false,false,false,false,false,true,false,false,false,false,true,true,true,true,add(K)
789296946,5,BB06,false,false,false,false,true,true,false,false,false,false,true,true,true,true,add(E)
789296946,6,BB06,true,false,false,false,true,true,false,false,false,false,true,true,true,true,add(A)
789296946,7,BB06,true,false,false,false,true,true,false,false,false,false,true,true,true,true,deadlock
1915435395,-1,BB00,false,false,false,false,false,false,false,false,false,false,false,false,false,false,reset
1915435395,0,BB01,false,false,false,false,false,false,false,false,false,false,true,false,false,false,add(e)
1915435395,1,BB02,false,false,false,false,false,true,false,false,false,false,true,false,false,false,add(F)
1915435395,2,BB03,false,false,false,false,false,true,false,false,false,false,true,true,false,false,add(f)
1915435395,3,BB04,false,false,false,false,false,true,false,false,false,false,true,true,true,false,add(g)
1915435395,4,BB05,false,false,false,false,false,true,false,false,false,false,true,true,true,true,add(K)
1915435395,5,BB06,false,false,false,false,true,true,false,false,false,false,true,true,true,true,add(E)
1915435395,6,BB06,true,false,false,false,true,true,false,false,false,false,true,true,true,true,add(A)
1915435395,7,BB06,true,false,false,false,true,true,false,false,false,false,true,true,true,true,deadlock
1501692528,-1,BB00,false,false,false,false,false,false,false,false,false,false,false,false,false,false,reset
1501692528,0,BB01,false,false,false,false,false,false,false,false,false,false,true,false,false,false,add(e)
1501692528,1,BB02,false,false,false,false,false,true,false,false,false,false,true,false,false,false,add(F)
1501692528,2,BB03,false,false,false,false,false,true,false,false,false,false,true,true,false,false,add(f)
1501692528,3,BB04,false,false,false,false,false,true,false,false,false,false,true,true,true,false,add(g)
1501692528,4,BB05,false,false,false,false,false,true,false,false,false,false,true,true,true,true,add(K)
1501692528,5,BB06,false,false,false,false,true,true,false,false,false,false,true,true,true,true,add(E)
1501692528,6,BB06,true,false,false,false,true,true,false,false,false,false,true,true,true,true,add(A)
1501692528,7,BB06,true,false,false,false,true,true,false,false,false,false,true,true,true,true,deadlock
385563239,-1,BB00,false,false,false,false,false,false,false,false,false,false,false,false,false,false,reset
385563239,0,BB01,false,false,false,false,false,false,false,false,false,false,true,false,false,false,add(e)
385563239,1,BB02,false,false,false,false,false,true,false,false,false,false,true,false,false,false,add(F)
385563239,2,BB03,false,false,false,false,false,true,false,false,false,false,true,true,false,false,add(f)
385563239,3,BB04,false,false,false,false,false,true,false,false,false,false,true,true,true,false,add(g)
385563239,4,BB05,false,false,false,false,false,true,false,false,false,false,true,true,true,true,add(K)
385563239,5,BB06,false,false,false,false,true,true,false,false,false,false,true,true,true,true,add(E)
385563239,6,BB06,true,false,false,false,true,true,false,false,false,false,true,true,true,true,add(A)
385563239,7,BB06,true,false,false,false,true,true,false,false,false,false,true,true,true,true,deadlock
366749660,-1,BB00,false,false,false,false,false,false,false,false,false,false,false,false,false,false,reset
366749660,0,BB01,false,false,false,false,false,false,false,false,false,false,true,false,false,false,add(e)
366749660,1,BB02,false,false,false,false,false,true,false,false,false,false,true,false,false,false,add(F)
366749660,2,BB03,false,false,false,false,false,true,false,false,false,false,true,true,false,false,add(f)
366749660,3,BB04,false,false,false,false,false,true,false,false,false,false,true,true,true,false,add(g)
366749660,4,BB05,false,false,false,false,false,true,false,false,false,false,true,true,true,true,add(K)
366749660,5,BB06,false,false,false,false,true,true,false,false,false,false,true,true,true,true,add(E)
366749660,6,BB06,true,false,false,false,true,true,false,false,false,false,true,true,true,true,add(A)
366749660,7,BB06,true,false,false,false,true,true,false,false,false,false,true,true,true,true,deadlock
789783378,-1,BB00,false,false,false,false,false,false,false,false,false,false,false,false,false,false,reset
789783378,0,BB01,false,false,false,false,false,false,false,false,false,false,true,false,false,false,add(e)
789783378,1,BB02,false,false,false,false,false,true,false,false,false,false,true,false,false,false,add(F)
789783378,2,BB03,false,false,false,false,false,true,false,false,false,false,true,true,false,false,add(f)
789783378,3,BB04,false,false,false,false,false,true,false,false,false,false,true,true,true,false,add(g)
789783378,4,BB05,false,false,false,false,false,true,false,false,false,false,true,true,true,true,add(K)
789783378,5,BB06,false,false,false,false,true,true,false,false,false,false,true,true,true,true,add(E)
789783378,6,BB06,true,false,false,false,true,true,false,false,false,false,true,true,true,true,add(A)
789783378,7,BB06,true,false,false,false,true,true,false,false,false,false,true,true,true,true,deadlock
2103856330,-1,BB00,false,false,false,false,false,false,false,false,false,false,false,false,false,false,reset
2103856330,0,BB01,false,false,false,false,false,false,false,false,false,false,true,false,false,false,add(e)
2103856330,1,BB02,false,false,false,false,false,true,false,false,false,false,true,false,false,false,add(F)
2103856330,2,BB03,false,false,false,false,false,true,false,false,false,false,true,true,false,false,add(f)
2103856330,3,BB04,false,false,false,false,false,true,false,false,false,false,true,true,true,false,add(g)
2103856330,4,BB05,false,false,false,false,false,true,false,false,false,false,true,true,true,true,add(K)
2103856330,5,BB06,false,false,false,false,true,true,false,false,false,false,true,true,true,true,add(E)
2103856330,6,BB06,true,false,false,false,true,true,false,false,false,false,true,true,true,true,add(A)
2103856330,7,BB06,true,false,false,false,true,true,false,false,false,false,true,true,true,true,deadlock
1700397668,-1,BB00,false,false,false,false,false,false,false,false,false,false,false,false,false,false,reset
1700397668,0,BB01,false,false,false,false,false,false,false,false,false,false,true,false,false,false,add(e)
1700397668,1,BB02,false,false,false,false,false,true,false,false,false,false,true,false,false,false,add(F)
1700397668,2,BB03,false,false,false,false,false,true,false,false,false,false,true,true,false,false,add(f)
1700397668,3,BB04,false,false,false,false,false,true,false,false,false,false,true,true,true,false,add(g)
1700397668,4,BB05,false,false,false,false,false,true,false,false,false,false,true,true,true,true,add(K)
1700397668,5,BB06,false,false,false,false,true,true,false,false,false,false,true,true,true,true,add(E)
1700397668,6,BB06,true,false,false,false,true,true,false,false,false,false,true,true,true,true,add(A)
1700397668,7,BB06,true,false,false,false,true,true,false,false,false,false,true,true,true,true,deadlock
1566413671,-1,BB00,false,false,false,false,false,false,false,false,false,false,false,false,false,false,reset
1566413671,0,BB01,false,false,false,false,false,false,false,false,false,false,true,false,false,false,add(e)
1566413671,1,BB02,false,false,false,false,false,true,false,false,false,false,true,false,false,false,add(F)
1566413671,2,BB03,false,false,false,false,false,true,false,false,false,false,true,true,false,false,add(f)
1566413671,3,BB04,false,false,false,false,false,true,false,false,false,false,true,true,true,false,add(g)
1566413671,4,BB05,false,false,false,false,false,true,false,false,false,false,true,true,true,true,add(K)
1566413671,5,BB06,false,false,false,false,true,true,false,false,false,false,true,true,true,true,add(E)
1566413671,6,BB06,true,false,false,false,true,true,false,false,false,false,true,true,true,true,add(A)
1566413671,7,BB06,true,false,false,false,true,true,false,false,false,false,true,true,true,true,deadlock
1634559186,-1,BB00,false,false,false,false,false,false,false,false,false,false,false,false,false,false,reset
1634559186,0,BB01,false,false,false,false,false,false,false,false,false,false,true,false,false,false,add(e)
1634559186,1,BB02,false,false,false,false,false,true,false,false,false,false,true,false,false,false,add(F)
1634559186,2,BB03,false,false,false,false,false,true,false,false,false,false,true,true,false,false,add(f)
1634559186,3,BB04,false,false,false,false,false,true,false,false,false,false,true,true,true,false,add(g)
1634559186,4,BB05,false,false,false,false,false,true,false,false,false,false,true,true,true,true,add(K)
1634559186,5,BB06,false,false,false,false,true,true,false,false,false,false,true,true,true,true,add(E)
1634559186,6,BB06,true,false,false,false,true,true,false,false,false,false,true,true,true,true,add(A)
1634559186,7,BB06,true,false,false,false,true,true,false,false,false,false,true,true,true,true,deadlock
1083129793,-1,BB00,false,false,false,false,false,false,false,false,false,false,false,false,false,false,reset
1083129793,0,BB01,false,false,false,false,false,false,false,false,false,false,true,false,false,false,add(e)
1083129793,1,BB02,false,false,false,false,false,true,false,false,false,false,true,false,false,false,add(F)
1083129793,2,BB03,false,false,false,false,false,true,false,false,false,false,true,true,false,false,add(f)
1083129793,3,BB04,false,false,false,false,false,true,false,false,false,false,true,true,true,false,add(g)
1083129793,4,BB05,false,false,false,false,false,true,false,false,false,false,true,true,true,true,add(K)
1083129793,5,BB06,false,false,false,false,true,true,false,false,false,false,true,true,true,true,add(E)
1083129793,6,BB06,true,false,false,false,true,true,false,false,false,false,true,true,true,true,add(A)
1083129793,7,BB06,true,false,false,false,true,true,false,false,false,false,true,true,true,true,deadlock
1971544972,-1,BB00,false,false,false,false,false,false,false,false,false,false,false,false,false,false,reset
1971544972,0,BB01,false,false,false,false,false,false,false,false,false,false,true,false,false,false,add(e)
1971544972,1,BB02,false,false,false,false,false,true,false,false,false,false,true,false,false,false,add(F)
1971544972,2,BB03,false,false,false,false,false,true,false,false,false,false,true,true,false,false,add(f)
1971544972,3,BB04,false,false,false,false,false,true,false,false,false,false,true,true,true,false,add(g)
1971544972,4,BB05,false,false,false,false,false,true,false,false,false,false,true,true,true,true,add(K)
1971544972,5,BB06,false,false,false,false,true,true,false,false,false,false,true,true,true,true,add(E)
1971544972,6,BB06,true,false,false,false,true,true,false,false,false,false,true,true,true,true,add(A)
1971544972,7,BB06,true,false,false,false,true,true,false,false,false,false,true,true,true,true,deadlock
1758601899,-1,BB00,false,false,false,false,false,false,false,false,false,false,false,false,false,false,reset
1758601899,0,BB01,false,false,false,false,false,false,false,false,false,false,true,false,false,false,add(e)
1758601899,1,BB02,false,false,false,false,false,true,false,false,false,false,true,false,false,false,add(F)
1758601899,2,BB03,false,false,false,false,false,true,false,false,false,false,true,true,false,false,add(f)
1758601899,3,BB04,false,false,false,false,false,true,false,false,false,false,true,true,true,false,add(g)
1758601899,4,BB05,false,false,false,false,false,true,false,false,false,false,true,true,true,true,add(K)
1758601899,5,BB06,false,false,false,false,true,true,false,false,false,false,true,true,true,true,add(E)
1758601899,6,BB06,true,false,false,false,true,true,false,false,false,false,true,true,true,true,add(A)
1758601899,7,BB06,true,false,false,false,true,true,false,false,false,false,true,true,true,true,deadlock
515005846,-1,BB00,false,false,false,false,false,false,false,false,false,false,false,false,false,false,reset
515005846,0,BB01,false,false,false,false,false,false,false,false,false,false,true,false,false,false,add(e)
515005846,1,BB02,false,false,false,false,false,true,false,false,false,false,true,false,false,false,add(F)
515005846,2,BB03,false,false,false,false,false,true,false,false,false,false,true,true,false,false,add(f)
515005846,3,BB04,false,false,false,false,false,true,false,false,false,false,true,true,true,false,add(g)
515005846,4,BB05,false,false,false,false,false,true,false,false,false,false,true,true,true,true,add(K)
515005846,5,BB06,false,false,false,false,true,true,false,false,false,false,true,true,true,true,add(E)
515005846,6,BB06,true,false,false,false,true,true,false,false,false,false,true,true,true,true,add(A)
515005846,7,BB06,true,false,false,false,true,true,false,false,false,false,true,true,true,true,deadlock
1796743383,-1,BB00,false,false,false,false,false,false,false,false,false,false,false,false,false,false,reset
1796743383,0,BB01,false,false,false,false,false,false,false,false,false,false,true,false,false,false,add(e)
1796743383,1,BB02,false,false,false,false,false,true,false,false,false,false,true,false,false,false,add(F)
1796743383,2,BB03,false,false,false,false,false,true,false,false,false,false,true,true,false,false,add(f)
1796743383,3,BB04,false,false,false,false,false,true,false,false,false,false,true,true,true,false,add(g)
1796743383,4,BB05,false,false,false,false,false,true,false,false,false,false,true,true,true,true,add(K)
1796743383,5,BB06,false,false,false,false,true,true,false,false,false,false,true,true,true,true,add(E)
1796743383,6,BB06,true,false,false,false,true,true,false,false,false,false,true,true,true,true,add(A)
1796743383,7,BB06,true,false,false,false,true,true,false,false,false,false,true,true,true,true,deadlock
1795454485,-1,BB00,false,false,false,false,false,false,false,false,false,false,false,false,false,false,reset
1795454485,0,BB01,false,false,false,false,false,false,false,false,false,false,true,false,false,false,add(e)
1795454485,1,BB02,false,false,false,false,false,true,false,false,false,false,true,false,false,false,add(F)
1795454485,2,BB03,false,false,false,false,false,true,false,false,false,false,true,true,false,false,add(f)
1795454485,3,BB04,false,false,false,false,false,true,false,false,false,false,true,true,true,false,add(g)
1795454485,4,BB05,false,false,false,false,false,true,false,false,false,false,true,true,true,true,add(K)
1795454485,5,BB06,false,false,false,false,true,true,false,false,false,false,true,true,true,true,add(E)
1795454485,6,BB06,true,false,false,false,true,true,false,false,false,false,true,true,true,true,add(A)
1795454485,7,BB06,true,false,false,false,true,true,false,false,false,false,true,true,true,true,deadlock
567292660,-1,BB00,false,false,false,false,false,false,false,false,false,false,false,false,false,false,reset
567292660,0,BB01,false,false,false,false,false,false,false,false,false,false,true,false,false,false,add(e)
567292660,1,BB02,false,false,false,false,false,true,false,false,false,false,true,false,false,false,add(F)
567292660,2,BB03,false,false,false,false,false,true,false,false,false,false,true,true,false,false,add(f)
567292660,3,BB04,false,false,false,false,false,true,false,false,false,false,true,true,true,false,add(g)
567292660,4,BB05,false,false,false,false,false,true,false,false,false,false,true,true,true,true,add(K)
567292660,5,BB06,false,false,false,false,true,true,false,false,false,false,true,true,true,true,add(E)
567292660,6,BB06,true,false,false,false,true,true,false,false,false,false,true,true,true,true,add(A)
567292660,7,BB06,true,false,false,false,true,true,false,false,false,false,true,true,true,true,deadlock
603450731,-1,BB00,false,false,false,false,false,false,false,false,false,false,false,false,false,false,reset
603450731,0,BB01,false,false,false,false,false,false,false,false,false,false,true,false,false,false,add(e)
603450731,1,BB02,false,false,false,false,false,true,false,false,false,false,true,false,false,false,add(F)
603450731,2,BB03,false,false,false,false,false,true,false,false,false,false,true,true,false,false,add(f)
603450731,3,BB04,false,false,false,false,false,true,false,false,false,false,true,true,true,false,add(g)
603450731,4,BB05,false,false,false,false,false,true,false,false,false,false,true,true,true,true,add(K)
603450731,5,BB06,false,false,false,false,true,true,false,false,false,false,true,true,true,true,add(E)
603450731,6,BB06,true,false,false,false,true,true,false,false,false,false,true,true,true,true,add(A)
603450731,7,BB06,true,false,false,false,true,true,false,false,false,false,true,true,true,true,deadlock
1249721016,-1,BB00,false,false,false,false,false,false,false,false,false,false,false,false,false,false,reset
1249721016,0,BB01,false,false,false,false,false,false,false,false,false,false,true,false,false,false,add(e)
1249721016,1,BB02,false,false,false,false,false,true,false,false,false,false,true,false,false,false,add(F)
1249721016,2,BB03,false,false,false,false,false,true,false,false,false,false,true,true,false,false,add(f)
1249721016,3,BB04,false,false,false,false,false,true,false,false,false,false,true,true,true,false,add(g)
1249721016,4,BB05,false,false,false,false,false,true,false,false,false,false,true,true,true,true,add(K)
1249721016,5,BB06,false,false,false,false,true,true,false,false,false,false,true,true,true,true,add(E)
1249721016,6,BB06,true,false,false,false,true,true,false,false,false,false,true,true,true,true,add(A)
1249721016,7,BB06,true,false,false,false,true,true,false,false,false,false,true,true,true,true,deadlock
598407247,-1,BB00,false,false,false,false,false,false,false,false,false,false,false,false,false,false,reset
598407247,0,BB01,false,false,false,false,false,false,false,false,false,false,true,false,false,false,add(e)
598407247,1,BB02,false,false,false,false,false,true,false,false,false,false,true,false,false,false,add(F)
598407247,2,BB03,false,false,false,false,false,true,false,false,false,false,true,true,false,false,add(f)
598407247,3,BB04,false,false,false,false,false,true,false,false,false,false,true,true,true,false,add(g)
598407247,4,BB05,false,false,false,false,false,true,false,false,false,false,true,true,true,true,add(K)
598407247,5,BB06,false,false,false,false,true,true,false,false,false,false,true,true,true,true,add(E)
598407247,6,BB06,true,false,false,false,true,true,false,false,false,false,true,true,true,true,add(A)
598407247,7,BB06,true,false,false,false,true,true,false,false,false,false,true,true,true,true,deadlock
797733299,-1,BB00,false,false,false,false,false,false,false,false,false,false,false,false,false,false,reset
797733299,0,BB01,false,false,false,false,false,false,false,false,false,false,true,false,false,false,add(e)
797733299,1,BB02,false,false,false,false,false,true,false,false,false,false,true,false,false,false,add(F)
797733299,2,BB03,false,false,false,false,false,true,false,false,false,false,true,true,false,false,add(f)
797733299,3,BB04,false,false,false,false,false,true,false,false,false,false,true,true,true,false,add(g)
797733299,4,BB05,false,false,false,false,false,true,false,false,false,false,true,true,true,true,add(K)
797733299,5,BB06,false,false,false,false,true,true,false,false,false,false,true,true,true,true,add(E)
797733299,6,BB06,true,false,false,false,true,true,false,false,false,false,true,true,true,true,add(A)
797733299,7,BB06,true,false,false,false,true,true,false,false,false,false,true,true,true,true,deadlock
1220957956,-1,BB00,false,false,false,false,false,false,false,false,false,false,false,false,false,false,reset
1220957956,0,BB01,false,false,false,false,false,false,false,false,false,false,true,false,false,false,add(e)
1220957956,1,BB02,false,false,false,false,false,true,false,false,false,false,true,false,false,false,add(F)
1220957956,2,BB03,false,false,false,false,false,true,false,false,false,false,true,true,false,false,add(f)
1220957956,3,BB04,false,false,false,false,false,true,false,false,false,false,true,true,true,false,add(g)
1220957956,4,BB05,false,false,false,false,false,true,false,false,false,false,true,true,true,true,add(K)
1220957956,5,BB06,false,false,false,false,true,true,false,false,false,false,true,true,true,true,add(E)
1220957956,6,BB06,true,false,false,false,true,true,false,false,false,false,true,true,true,true,add(A)
1220957956,7,BB06,true,false,false,false,true,true,false,false,false,false,true,true,true,true,deadlock
1477670928,-1,BB00,false,false,false,false,false,false,false,false,false,false,false,false,false,false,reset
1477670928,0,BB01,false,false,false,false,false,false,false,false,false,false,true,false,false,false,add(e)
1477670928,1,BB02,false,false,false,false,false,true,false,false,false,false,true,false,false,false,add(F)
1477670928,2,BB03,false,false,false,false,false,true,false,false,false,false,true,true,false,false,add(f)
1477670928,3,BB04,false,false,false,false,false,true,false,false,false,false,true,true,true,false,add(g)
1477670928,4,BB05,false,false,false,false,false,true,false,false,false,false,true,true,true,true,add(K)
1477670928,5,BB06,false,false,false,false,true,true,false,false,false,false,true,true,true,true,add(E)
1477670928,6,BB06,true,false,false,false,true,true,false,false,false,false,true,true,true,true,add(A)
1477670928,7,BB06,true,false,false,false,true,true,false,false,false,false,true,true,true,true,deadlock
1780071664,-1,BB00,false,false,false,false,false,false,false,false,false,false,false,false,false,false,reset
1780071664,0,BB01,false,false,false,false,false,false,false,false,false,false,true,false,false,false,add(e)
1780071664,1,BB02,false,false,false,false,false,true,false,false,false,false,true,false,false,false,add(F)
1780071664,2,BB03,false,false,false,false,false,true,false,false,false,false,true,true,false,false,add(f)
1780071664,3,BB04,false,false,false,false,false,true,false,false,false,false,true,true,true,false,add(g)
1780071664,4,BB05,false,false,false,false,false,true,false,false,false,false,true,true,true,true,add(K)
1780071664,5,BB06,false,false,false,false,true,true,false,false,false,false,true,true,true,true,add(E)
1780071664,6,BB06,true,false,false,false,true,true,false,false,false,false,true,true,true,true,add(A)
1780071664,7,BB06,true,false,false,false,true,true,false,false,false,false,true,true,true,true,deadlock
1591850343,-1,BB00,false,false,false,false,false,false,false,false,false,false,false,false,false,false,reset
1591850343,0,BB01,false,false,false,false,false,false,false,false,false,false,true,false,false,false,add(e)
1591850343,1,BB02,false,false,false,false,false,true,false,false,false,false,true,false,false,false,add(F)
1591850343,2,BB03,false,false,false,false,false,true,false,false,false,false,true,true,false,false,add(f)
1591850343,3,BB04,false,false,false,false,false,true,false,false,false,false,true,true,true,false,add(g)
1591850343,4,BB05,false,false,false,false,false,true,false,false,false,false,true,true,true,true,add(K)
1591850343,5,BB06,false,false,false,false,true,true,false,false,false,false,true,true,true,true,add(E)
1591850343,6,BB06,true,false,false,false,true,true,false,false,false,false,true,true,true,true,add(A)
1591850343,7,BB06,true,false,false,false,true,true,false,false,false,false,true,true,true,true,deadlock
782417832,-1,BB00,false,false,false,false,false,false,false,false,false,false,false,false,false,false,reset
782417832,0,BB01,false,false,false,false,false,false,false,false,false,false,true,false,false,false,add(e)
782417832,1,BB02,false,false,false,false,false,true,false,false,false,false,true,false,false,false,add(F)
782417832,2,BB03,false,false,false,false,false,true,false,false,false,false,true,true,false,false,add(f)
782417832,3,BB04,false,false,false,false,false,true,false,false,false,false,true,true,true,false,add(g)
782417832,4,BB05,false,false,false,false,false,true,false,false,false,false,true,true,true,true,add(K)
782417832,5,BB06,false,false,false,false,true,true,false,false,false,false,true,true,true,true,add(E)
782417832,6,BB06,true,false,false,false,true,true,false,false,false,false,true,true,true,true,add(A)
782417832,7,BB06,true,false,false,false,true,true,false,false,false,false,true,true,true,true,deadlock
1023095538,-1,BB00,false,false,false,false,false,false,false,false,false,false,false,false,false,false,reset
1023095538,0,BB01,false,false,false,false,false,false,false,false,false,false,true,false,false,false,add(e)
1023095538,1,BB02,false,false,false,false,false,true,false,false,false,false,true,false,false,false,add(F)
1023095538,2,BB03,false,false,false,false,false,true,false,false,false,false,true,true,false,false,add(f)
1023095538,3,BB04,false,false,false,false,false,true,false,false,false,false,true,true,true,false,add(g)
1023095538,4,BB05,false,false,false,false,false,true,false,false,false,false,true,true,true,true,add(K)
1023095538,5,BB06,false,false,false,false,true,true,false,false,false,false,true,true,true,true,add(E)
1023095538,6,BB06,true,false,false,false,true,true,false,false,false,false,true,true,true,true,add(A)
1023095538,7,BB06,true,false,false,false,true,true,false,false,false,false,true,true,true,true,deadlock
299564242,-1,BB00,false,false,false,false,false,false,false,false,false,false,false,false,false,false,reset
299564242,0,BB01,false,false,false,false,false,false,false,false,false,false,true,false,false,false,add(e)
299564242,1,BB02,false,false,false,false,false,true,false,false,false,false,true,false,false,false,add(F)
299564242,2,BB03,false,false,false,false,false,true,false,false,false,false,true,true,false,false,add(f)
299564242,3,BB04,false,false,false,false,false,true,false,false,false,false,true,true,true,false,add(g)
299564242,4,BB05,false,false,false,false,false,true,false,false,false,false,true,true,true,true,add(K)
299564242,5,BB06,false,false,false,false,true,true,false,false,false,false,true,true,true,true,add(E)
299564242,6,BB06,true,false,false,false,true,true,false,false,false,false,true,true,true,true,add(A)
299564242,7,BB06,true,false,false,false,true,true,false,false,false,false,true,true,true,true,deadlock
1385760865,-1,BB00,false,false,false,false,false,false,false,false,false,false,false,false,false,false,reset
1385760865,0,BB01,false,false,false,false,false,false,false,false,false,false,true,false,false,false,add(e)
1385760865,1,BB02,false,false,false,false,false,true,false,false,false,false,true,false,false,false,add(F)
1385760865,2,BB03,false,false,false,false,false,true,false,false,false,false,true,true,false,false,add(f)
1385760865,3,BB04,false,false,false,false,false,true,false,false,false,false,true,true,true,false,add(g)
1385760865,4,BB05,false,false,false,false,false,true,false,false,false,false,true,true,true,true,add(K)
1385760865,5,BB06,false,false,false,false,true,true,false,false,false,false,true,true,true,true,add(E)
1385760865,6,BB06,true,false,false,false,true,true,false,false,false,false,true,true,true,true,add(A)
1385760865,7,BB06,true,false,false,false,true,true,false,false,false,false,true,true,true,true,deadlock
1991970451,-1,BB00,false,false,false,false,false,false,false,false,false,false,false,false,false,false,reset
1991970451,0,BB01,false,false,false,false,false,false,false,false,false,false,true,false,false,false,add(e)
1991970451,1,BB02,false,false,false,false,false,true,false,false,false,false,true,false,false,false,add(F)
1991970451,2,BB03,false,false,false,false,false,true,false,false,false,false,true,true,false,false,add(f)
1991970451,3,BB04,false,false,false,false,false,true,false,false,false,false,true,true,true,false,add(g)
1991970451,4,BB05,false,false,false,false,false,true,false,false,false,false,true,true,true,true,add(K)
1991970451,5,BB06,false,false,false,false,true,true,false,false,false,false,true,true,true,true,add(E)
1991970451,6,BB06,true,false,false,false,true,true,false,false,false,false,true,true,true,true,add(A)
1991970451,7,BB06,true,false,false,false,true,true,false,false,false,false,true,true,true,true,deadlock
1222841075,-1,BB00,false,false,false,false,false,false,false,false,false,false,false,false,false,false,reset
1222841075,0,BB01,false,false,false,false,false,false,false,false,false,false,true,false,false,false,add(e)
1222841075,1,BB02,false,false,false,false,false,true,false,false,false,false,true,false,false,false,add(F)
1222841075,2,BB03,false,false,false,false,false,true,false,false,false,false,true,true,false,false,add(f)
1222841075,3,BB04,false,false,false,false,false,true,false,false,false,false,true,true,true,false,add(g)
1222841075,4,BB05,false,false,false,false,false,true,false,false,false,false,true,true,true,true,add(K)
1222841075,5,BB06,false,false,false,false,true,true,false,false,false,false,true,true,true,true,add(E)
1222841075,6,BB06,true,false,false,false,true,true,false,false,false,false,true,true,true,true,add(A)
1222841075,7,BB06,true,false,false,false,true,true,false,false,false,false,true,true,true,true,deadlock
1146354620,-1,BB00,false,false,false,false,false,false,false,false,false,false,false,false,false,false,reset
1146354620,0,BB01,false,false,false,false,false,false,false,false,false,false,true,false,false,false,add(e)
1146354620,1,BB02,false,false,false,false,false,true,false,false,false,false,true,false,false,false,add(F)
1146354620,2,BB03,false,false,false,false,false,true,false,false,false,false,true,true,false,false,add(f)
1146354620,3,BB04,false,false,false,false,false,true,false,false,false,false,true,true,true,false,add(g)
1146354620,4,BB05,false,false,false,false,false,true,false,false,false,false,true,true,true,true,add(K)
1146354620,5,BB06,false,false,false,false,true,true,false,false,false,false,true,true,true,true,add(E)
1146354620,6,BB06,true,false,false,false,true,true,false,false,false,false,true,true,true,true,add(A)
1146354620,7,BB06,true,false,false,false,true,true,false,false,false,false,true,true,true,true,deadlock
255611398,-1,BB00,false,false,false,false,false,false,false,false,false,false,false,false,false,false,reset
255611398,0,BB01,false,false,false,false,false,false,false,false,false,false,true,false,false,false,add(e)
255611398,1,BB02,false,false,false,false,false,true,false,false,false,false,true,false,false,false,add(F)
255611398,2,BB03,false,false,false,false,false,true,false,false,false,false,true,true,false,false,add(f)
255611398,3,BB04,false,false,false,false,false,true,false,false,false,false,true,true,true,false,add(g)
255611398,4,BB05,false,false,false,false,false,true,false,false,false,false,true,true,true,true,add(K)
255611398,5,BB06,false,false,false,false,true,true,false,false,false,false,true,true,true,true,add(E)
255611398,6,BB06,true,false,false,false,true,true,false,false,false,false,true,true,true,true,add(A)
255611398,7,BB06,true,false,false,false,true,true,false,false,false,false,true,true,true,true,deadlock
1435089998,-1,BB00,false,false,false,false,false,false,false,false,false,false,false,false,false,false,reset
1435089998,0,BB01,false,false,false,false,false,false,false,false,false,false,true,false,false,false,add(e)
1435089998,1,BB02,false,false,false,false,false,true,false,false,false,false,true,false,false,false,add(F)
1435089998,2,BB03,false,false,false,false,false,true,false,false,false,false,true,true,false,false,add(f)
1435089998,3,BB04,false,false,false,false,false,true,false,false,false,false,true,true,true,false,add(g)
1435089998,4,BB05,false,false,false,false,false,true,false,false,false,false,true,true,true,true,add(K)
1435089998,5,BB06,false,false,false,false,true,true,false,false,false,false,true,true,true,true,add(E)
1435089998,6,BB06,true,false,false,false,true,true,false,false,false,false,true,true,true,true,add(A)
1435089998,7,BB06,true,false,false,false,true,true,false,false,false,false,true,true,true,true,deadlock
384855141,-1,BB00,false,false,false,false,false,false,false,false,false,false,false,false,false,false,reset
384855141,0,BB01,false,false,false,false,false,false,false,false,false,false,true,false,false,false,add(e)
384855141,1,BB02,false,false,false,false,false,true,false,false,false,false,true,false,false,false,add(F)
384855141,2,BB03,false,false,false,false,false,true,false,false,false,false,true,true,false,false,add(f)
384855141,3,BB04,false,false,false,false,false,true,false,false,false,false,true,true,true,false,add(g)
384855141,4,BB05,false,false,false,false,false,true,false,false,false,false,true,true,true,true,add(K)
384855141,5,BB06,false,false,false,false,true,true,false,false,false,false,true,true,true,true,add(E)
384855141,6,BB06,true,false,false,false,true,true,false,false,false,false,true,true,true,true,add(A)
384855141,7,BB06,true,false,false,false,true,true,false,false,false,false,true,true,true,true,deadlock
370067407,-1,BB00,false,false,false,false,false,false,false,false,false,false,false,false,false,false,reset
370067407,0,BB01,false,false,false,false,false,false,false,false,false,false,true,false,false,false,add(e)
370067407,1,BB02,false,false,false,false,false,true,false,false,false,false,true,false,false,false,add(F)
370067407,2,BB03,false,false,false,false,false,true,false,false,false,false,true,true,false,false,add(f)
370067407,3,BB04,false,false,false,false,false,true,false,false,false,false,true,true,true,false,add(g)
370067407,4,BB05,false,false,false,false,false,true,false,false,false,false,true,true,true,true,add(K)
370067407,5,BB06,false,false,false,false,true,true,false,false,false,false,true,true,true,true,add(E)
370067407,6,BB06,true,false,false,false,true,true,false,false,false,false,true,true,true,true,add(A)
370067407,7,BB06,true,false,false,false,true,true,false,false,false,false,true,true,true,true,deadlock
273535604,-1,BB00,false,false,false,false,false,false,false,false,false,false,false,false,false,false,reset
273535604,0,BB01,false,false,false,false,false,false,false,false,false,false,true,false,false,false,add(e)
273535604,1,BB02,false,false,false,false,false,true,false,false,false,false,true,false,false,false,add(F)
273535604,2,BB03,false,false,false,false,false,true,false,false,false,false,true,true,false,false,add(f)
273535604,3,BB04,false,false,false,false,false,true,false,false,false,false,true,true,true,false,add(g)
273535604,4,BB05,false,false,false,false,false,true,false,false,false,false,true,true,true,true,add(K)
273535604,5,BB06,false,false,false,false,true,true,false,false,false,false,true,true,true,true,add(E)
273535604,6,BB06,true,false,false,false,true,true,false,false,false,false,true,true,true,true,add(A)
273535604,7,BB06,true,false,false,false,true,true,false,false,false,false,true,true,true,true,deadlock
1858390566,-1,BB00,false,false,false,false,false,false,false,false,false,false,false,false,false,false,reset
1858390566,0,BB01,false,false,false,false,false,false,false,false,false,false,true,false,false,false,add(e)
1858390566,1,BB02,false,false,false,false,false,true,false,false,false,false,true,false,false,false,add(F)
1858390566,2,BB03,false,false,false,false,false,true,false,false,false,false,true,true,false,false,add(f)
1858390566,3,BB04,false,false,false,false,false,true,false,false,false,false,true,true,true,false,add(g)
1858390566,4,BB05,false,false,false,false,false,true,false,false,false,false,true,true,true,true,add(K)
1858390566,5,BB06,false,false,false,false,true,true,false,false,false,false,true,true,true,true,add(E)
1858390566,6,BB06,true,false,false,false,true,true,false,false,false,false,true,true,true,true,add(A)
1858390566,7,BB06,true,false,false,false,true,true,false,false,false,false,true,true,true,true,deadlock
1914665916,-1,BB00,false,false,false,false,false,false,false,false,false,false,false,false,false,false,reset
1914665916,0,BB01,false,false,false,false,false,false,false,false,false,false,true,false,false,false,add(e)
1914665916,1,BB02,false,false,false,false,false,true,false,false,false,false,true,false,false,false,add(F)
1914665916,2,BB03,false,false,false,false,false,true,false,false,false,false,true,true,false,false,add(f)
1914665916,3,BB04,false,false,false,false,false,true,false,false,false,false,true,true,true,false,add(g)
1914665916,4,BB05,false,false,false,false,false,true,false,false,false,false,true,true,true,true,add(K)
1914665916,5,BB06,false,false,false,false,true,true,false,false,false,false,true,true,true,true,add(E)
1914665916,6,BB06,true,false,false,false,true,true,false,false,false,false,true,true,true,true,add(A)
1914665916,7,BB06,true,false,false,false,true,true,false,false,false,false,true,true,true,true,deadlock
1793470739,-1,BB00,false,false,false,false,false,false,false,false,false,false,false,false,false,false,reset
1793470739,0,BB01,false,false,false,false,false,false,false,false,false,false,true,false,false,false,add(e)
1793470739,1,BB02,false,false,false,false,false,true,false,false,false,false,true,false,false,false,add(F)
1793470739,2,BB03,false,false,false,false,false,true,false,false,false,false,true,true,false,false,add(f)
1793470739,3,BB04,false,false,false,false,false,true,false,false,false,false,true,true,true,false,add(g)
1793470739,4,BB05,false,false,false,false,false,true,false,false,false,false,true,true,true,true,add(K)
1793470739,5,BB06,false,false,false,false,true,true,false,false,false,false,true,true,true,true,add(E)
1793470739,6,BB06,true,false,false,false,true,true,false,false,false,false,true,true,true,true,add(A)
1793470739,7,BB06,true,false,false,false,true,true,false,false,false,false,true,true,true,true,deadlock
1398986503,-1,BB00,false,false,false,false,false,false,false,false,false,false,false,false,false,false,reset
1398986503,0,BB01,false,false,false,false,false,false,false,false,false,false,true,false,false,false,add(e)
1398986503,1,BB02,false,false,false,false,false,true,false,false,false,false,true,false,false,false,add(F)
1398986503,2,BB03,false,false,false,false,false,true,false,false,false,false,true,true,false,false,add(f)
1398986503,3,BB04,false,false,false,false,false,true,false,false,false,false,true,true,true,false,add(g)
1398986503,4,BB05,false,false,false,false,false,true,false,false,false,false,true,true,true,true,add(K)
1398986503,5,BB06,false,false,false,false,true,true,false,false,false,false,true,true,true,true,add(E)
1398986503,6,BB06,true,false,false,false,true,true,false,false,false,false,true,true,true,true,add(A)
1398986503,7,BB06,true,false,false,false,true,true,false,false,false,false,true,true,true,true,deadlock
1324406570,-1,BB00,false,false,false,false,false,false,false,false,false,false,false,false,false,false,reset
1324406570,0,BB01,false,false,false,false,false,false,false,false,false,false,true,false,false,false,add(e)
1324406570,1,BB02,false,false,false,false,false,true,false,false,false,false,true,false,false,false,add(F)
1324406570,2,BB03,false,false,false,false,false,true,false,false,false,false,true,true,false,false,add(f)
1324406570,3,BB04,false,false,false,false,false,true,false,false,false,false,true,true,true,false,add(g)
1324406570,4,BB05,false,false,false,false,false,true,false,false,false,false,true,true,true,true,add(K)
1324406570,5,BB06,false,false,false,false,true,true,false,false,false,false,true,true,true,true,add(E)
1324406570,6,BB06,true,false,false,false,true,true,false,false,false,false,true,true,true,true,add(A)
1324406570,7,BB06,true,false,false,false,true,true,false,false,false,false,true,true,true,true,deadlock
877238465,-1,BB00,false,false,false,false,false,false,false,false,false,false,false,false,false,false,reset
877238465,0,BB01,false,false,false,false,false,false,false,false,false,false,true,false,false,false,add(e)
877238465,1,BB02,false,false,false,false,false,true,false,false,false,false,true,false,false,false,add(F)
877238465,2,BB03,false,false,false,false,false,true,false,false,false,false,true,true,false,false,add(f)
877238465,3,BB04,false,false,false,false,false,true,false,false,false,false,true,true,true,false,add(g)
877238465,4,BB05,false,false,false,false,false,true,false,false,false,false,true,true,true,true,add(K)
877238465,5,BB06,false,false,false,false,true,true,false,false,false,false,true,true,true,true,add(E)
877238465,6,BB06,true,false,false,false,true,true,false,false,false,false,true,true,true,true,add(A)
877238465,7,BB06,true,false,false,false,true,true,false,false,false,false,true,true,true,true,deadlock
2080722691,-1,BB00,false,false,false,false,false,false,false,false,false,false,false,false,false,false,reset
2080722691,0,BB01,false,false,false,false,false,false,false,false,false,false,true,false,false,false,add(e)
2080722691,1,BB02,false,false,false,false,false,true,false,false,false,false,true,false,false,false,add(F)
2080722691,2,BB03,false,false,false,false,false,true,false,false,false,false,true,true,false,false,add(f)
2080722691,3,BB04,false,false,false,false,false,true,false,false,false,false,true,true,true,false,add(g)
2080722691,4,BB05,false,false,false,false,false,true,false,false,false,false,true,true,true,true,add(K)
2080722691,5,BB06,false,false,false,false,true,true,false,false,false,false,true,true,true,true,add(E)
2080722691,6,BB06,true,false,false,false,true,true,false,false,false,false,true,true,true,true,add(A)
2080722691,7,BB06,true,false,false,false,true,true,false,false,false,false,true,true,true,true,deadlock
1776854794,-1,BB00,false,false,false,false,false,false,false,false,false,false,false,false,false,false,reset
1776854794,0,BB01,false,false,false,false,false,false,false,false,false,false,true,false,false,false,add(e)
1776854794,1,BB02,false,false,false,false,false,true,false,false,false,false,true,false,false,false,add(F)
1776854794,2,BB03,false,false,false,false,false,true,false,false,false,false,true,true,false,false,add(f)
1776854794,3,BB04,false,false,false,false,false,true,false,false,false,false,true,true,true,false,add(g)
1776854794,4,BB05,false,false,false,false,false,true,false,false,false,false,true,true,true,true,add(K)
1776854794,5,BB06,false,false,false,false,true,true,false,false,false,false,true,true,true,true,add(E)
1776854794,6,BB06,true,false,false,false,true,true,false,false,false,false,true,true,true,true,add(A)
1776854794,7,BB06,true,false,false,false,true,true,false,false,false,false,true,true,true,true,deadlock
1477250977,-1,BB00,false,false,false,false,false,false,false,false,false,false,false,false,false,false,reset
1477250977,0,BB01,false,false,false,false,false,false,false,false,false,false,true,false,false,false,add(e)
1477250977,1,BB02,false,false,false,false,false,true,false,false,false,false,true,false,false,false,add(F)
1477250977,2,BB03,false,false,false,false,false,true,false,false,false,false,true,true,false,false,add(f)
1477250977,3,BB04,false,false,false,false,false,true,false,false,false,false,true,true,true,false,add(g)
1477250977,4,BB05,false,false,false,false,false,true,false,false,false,false,true,true,true,true,add(K)
1477250977,5,BB06,false,false,false,false,true,true,false,false,false,false,true,true,true,true,add(E)
1477250977,6,BB06,true,false,false,false,true,true,false,false,false,false,true,true,true,true,add(A)
1477250977,7,BB06,true,false,false,false,true,true,false,false,false,false,true,true,true,true,deadlock
1873680024,-1,BB00,false,false,false,false,false,false,false,false,false,false,false,false,false,false,reset
1873680024,0,BB01,false,false,false,false,false,false,false,false,false,false,true,false,false,false,add(e)
1873680024,1,BB02,false,false,false,false,false,true,false,false,false,false,true,false,false,false,add(F)
1873680024,2,BB03,false,false,false,false,false,true,false,false,false,false,true,true,false,false,add(f)
1873680024,3,BB04,false,false,false,false,false,true,false,false,false,false,true,true,true,false,add(g)
1873680024,4,BB05,false,false,false,false,false,true,false,false,false,false,true,true,true,true,add(K)
1873680024,5,BB06,false,false,false,false,true,true,false,false,false,false,true,true,true,true,add(E)
1873680024,6,BB06,true,false,false,false,true,true,false,false,false,false,true,true,true,true,add(A)
1873680024,7,BB06,true,false,false,false,true,true,false,false,false,false,true,true,true,true,deadlock
715715285,-1,BB00,false,false,false,false,false,false,false,false,false,false,false,false,false,false,reset
715715285,0,BB01,false,false,false,false,false,false,false,false,false,false,true,false,false,false,add(e)
715715285,1,BB02,false,false,false,false,false,true,false,false,false,false,true,false,false,false,add(F)
715715285,2,BB03,false,false,false,false,false,true,false,false,false,false,true,true,false,false,add(f)
715715285,3,BB04,false,false,false,false,false,true,false,false,false,false,true,true,true,false,add(g)
715715285,4,BB05,false,false,false,false,false,true,false,false,false,false,true,true,true,true,add(K)
715715285,5,BB06,false,false,false,false,true,true,false,false,false,false,true,true,true,true,add(E)
715715285,6,BB06,true,false,false,false,true,true,false,false,false,false,true,true,true,true,add(A)
715715285,7,BB06,true,false,false,false,true,true,false,false,false,false,true,true,true,true,deadlock
750194722,-1,BB00,false,false,false,false,false,false,false,false,false,false,false,false,false,false,reset
750194722,0,BB01,false,false,false,false,false,false,false,false,false,false,true,false,false,false,add(e)
750194722,1,BB02,false,false,false,false,false,true,false,false,false,false,true,false,false,false,add(F)
750194722,2,BB03,false,false,false,false,false,true,false,false,false,false,true,true,false,false,add(f)
750194722,3,BB04,false,false,false,false,false,true,false,false,false,false,true,true,true,false,add(g)
750194722,4,BB05,false,false,false,false,false,true,false,false,false,false,true,true,true,true,add(K)
750194722,5,BB06,false,false,false,false,true,true,false,false,false,false,true,true,true,true,add(E)
750194722,6,BB06,true,false,false,false,true,true,false,false,false,false,true,true,true,true,add(A)
750194722,7,BB06,true,false,false,false,true,true,false,false,false,false,true,true,true,true,deadlock
225454422,-1,BB00,false,false,false,false,false,false,false,false,false,false,false,false,false,false,reset
225454422,0,BB01,false,false,false,false,false,false,false,false,false,false,true,false,false,false,add(e)
225454422,1,BB02,false,false,false,false,false,true,false,false,false,false,true,false,false,false,add(F)
225454422,2,BB03,false,false,false,false,false,true,false,false,false,false,true,true,false,false,add(f)
225454422,3,BB04,false,false,false,false,false,true,false,false,false,false,true,true,true,false,add(g)
225454422,4,BB05,false,false,false,false,false,true,false,false,false,false,true,true,true,true,add(K)
225454422,5,BB06,false,false,false,false,true,true,false,false,false,false,true,true,true,true,add(E)
225454422,6,BB06,true,false,false,false,true,true,false,false,false,false,true,true,true,true,add(A)
225454422,7,BB06,true,false,false,false,true,true,false,false,false,false,true,true,true,true,deadlock
1171479809,-1,BB00,false,false,false,false,false,false,false,false,false,false,false,false,false,false,reset
1171479809,0,BB01,false,false,false,false,false,false,false,false,false,false,true,false,false,false,add(e)
1171479809,1,BB02,false,false,false,false,false,true,false,false,false,false,true,false,false,false,add(F)
1171479809,2,BB03,false,false,false,false,false,true,false,false,false,false,true,true,false,false,add(f)
1171479809,3,BB04,false,false,false,false,false,true,false,false,false,false,true,true,true,false,add(g)
1171479809,4,BB05,false,false,false,false,false,true,false,false,false,false,true,true,true,true,add(K)
1171479809,5,BB06,false,false,false,false,true,true,false,false,false,false,true,true,true,true,add(E)
1171479809,6,BB06,true,false,false,false,true,true,false,false,false,false,true,true,true,true,add(A)
1171479809,7,BB06,true,false,false,false,true,true,false,false,false,false,true,true,true,true,deadlock
1701204095,-1,BB00,false,false,false,false,false,false,false,false,false,false,false,false,false,false,reset
1701204095,0,BB01,false,false,false,false,false,false,false,false,false,false,true,false,false,false,add(e)
1701204095,1,BB02,false,false,false,false,false,true,false,false,false,false,true,false,false,false,add(F)
1701204095,2,BB03,false,false,false,false,false,true,false,false,false,false,true,true,false,false,add(f)
1701204095,3,BB04,false,false,false,false,false,true,false,false,false,false,true,true,true,false,add(g)
1701204095,4,BB05,false,false,false,false,false,true,false,false,false,false,true,true,true,true,add(K)
1701204095,5,BB06,false,false,false,false,true,true,false,false,false,false,true,true,true,true,add(E)
1701204095,6,BB06,true,false,false,false,true,true,false,false,false,false,true,true,true,true,add(A)
1701204095,7,BB06,true,false,false,false,true,true,false,false,false,false,true,true,true,true,deadlock
210462210,-1,BB00,false,false,false,false,false,false,false,false,false,false,false,false,false,false,reset
210462210,0,BB01,false,false,false,false,false,false,false,false,false,false,true,false,false,false,add(e)
210462210,1,BB02,false,false,false,false,false,true,false,false,false,false,true,false,false,false,add(F)
210462210,2,BB03,false,false,false,false,false,true,false,false,false,false,true,true,false,false,add(f)
210462210,3,BB04,false,false,false,false,false,true,false,false,false,false,true,true,true,false,add(g)
210462210,4,BB05,false,false,false,false,false,true,false,false,false,false,true,true,true,true,add(K)
210462210,5,BB06,false,false,false,false,true,true,false,false,false,false,true,true,true,true,add(E)
210462210,6,BB06,true,false,false,false,true,true,false,false,false,false,true,true,true,true,add(A)
210462210,7,BB06,true,false,false,false,true,true,false,false,false,false,true,true,true,true,deadlock
1439223262,-1,BB00,false,false,false,false,false,false,false,false,false,false,false,false,false,false,reset
1439223262,0,BB01,false,false,false,false,false,false,false,false,false,false,true,false,false,false,add(e)
1439223262,1,BB02,false,false,false,false,false,true,false,false,false,false,true,false,false,false,add(F)
1439223262,2,BB03,false,false,false,false,false,true,false,false,false,false,true,true,false,false,add(f)
1439223262,3,BB04,false,false,false,false,false,true,false,false,false,false,true,true,true,false,add(g)
1439223262,4,BB05,false,false,false,false,false,true,false,false,false,false,true,true,true,true,add(K)
1439223262,5,BB06,false,false,false,false,true,true,false,false,false,false,true,true,true,true,add(E)
1439223262,6,BB06,true,false,false,false,true,true,false,false,false,false,true,true,true,true,add(A)
1439223262,7,BB06,true,false,false,false,true,true,false,false,false,false,true,true,true,true,deadlock
1457905753,-1,BB00,false,false,false,false,false,false,false,false,false,false,false,false,false,false,reset
1457905753,0,BB01,false,false,false,false,false,false,false,false,false,false,true,false,false,false,add(e)
1457905753,1,BB02,false,false,false,false,false,true,false,false,false,false,true,false,false,false,add(F)
1457905753,2,BB03,false,false,false,false,false,true,false,false,false,false,true,true,false,false,add(f)
1457905753,3,BB04,false,false,false,false,false,true,false,false,false,false,true,true,true,false,add(g)
1457905753,4,BB05,false,false,false,false,false,true,false,false,false,false,true,true,true,true,add(K)
1457905753,5,BB06,false,false,false,false,true,true,false,false,false,false,true,true,true,true,add(E)
1457905753,6,BB06,true,false,false,false,true,true,false,false,false,false,true,true,true,true,add(A)
1457905753,7,BB06,true,false,false,false,true,true,false,false,false,false,true,true,true,true,deadlock
1146809851,-1,BB00,false,false,false,false,false,false,false,false,false,false,false,false,false,false,reset
1146809851,0,BB01,false,false,false,false,false,false,false,false,false,false,true,false,false,false,add(e)
1146809851,1,BB02,false,false,false,false,false,true,false,false,false,false,true,false,false,false,add(F)
1146809851,2,BB03,false,false,false,false,false,true,false,false,false,false,true,true,false,false,add(f)
1146809851,3,BB04,false,false,false,false,false,true,false,false,false,false,true,true,true,false,add(g)
1146809851,4,BB05,false,false,false,false,false,true,false,false,false,false,true,true,true,true,add(K)
1146809851,5,BB06,false,false,false,false,true,true,false,false,false,false,true,true,true,true,add(E)
1146809851,6,BB06,true,false,false,false,true,true,false,false,false,false,true,true,true,true,add(A)
1146809851,7,BB06,true,false,false,false,true,true,false,false,false,false,true,true,true,true,deadlock
632888747,-1,BB00,false,false,false,false,false,false,false,false,false,false,false,false,false,false,reset
632888747,0,BB01,false,false,false,false,false,false,false,false,false,false,true,false,false,false,add(e)
632888747,1,BB02,false,false,false,false,false,true,false,false,false,false,true,false,false,false,add(F)
632888747,2,BB03,false,false,false,false,false,true,false,false,false,false,true,true,false,false,add(f)
632888747,3,BB04,false,false,false,false,false,true,false,false,false,false,true,true,true,false,add(g)
632888747,4,BB05,false,false,false,false,false,true,false,false,false,false,true,true,true,true,add(K)
632888747,5,BB06,false,false,false,false,true,true,false,false,false,false,true,true,true,true,add(E)
632888747,6,BB06,true,false,false,false,true,true,false,false,false,false,true,true,true,true,add(A)
632888747,7,BB06,true,false,false,false,true,true,false,false,false,false,true,true,true,true,deadlock
1294828997,-1,BB00,false,false,false,false,false,false,false,false,false,false,false,false,false,false,reset
1294828997,0,BB01,false,false,false,false,false,false,false,false,false,false,true,false,false,false,add(e)
1294828997,1,BB02,false,false,false,false,false,true,false,false,false,false,true,false,false,false,add(F)
1294828997,2,BB03,false,false,false,false,false,true,false,false,false,false,true,true,false,false,add(f)
1294828997,3,BB04,false,false,false,false,false,true,false,false,false,false,true,true,true,false,add(g)
1294828997,4,BB05,false,false,false,false,false,true,false,false,false,false,true,true,true,true,add(K)
1294828997,5,BB06,false,false,false,false,true,true,false,false,false,false,true,true,true,true,add(E)
1294828997,6,BB06,true,false,false,false,true,true,false,false,false,false,true,true,true,true,add(A)
1294828997,7,BB06,true,false,false,false,true,true,false,false,false,false,true,true,true,true,deadlock
707476031,-1,BB00,false,false,false,false,false,false,false,false,false,false,false,false,false,false,reset
707476031,0,BB01,false,false,false,false,false,false,false,false,false,false,true,false,false,false,add(e)
707476031,1,BB02,false,false,false,false,false,true,false,false,false,false,true,false,false,false,add(F)
707476031,2,BB03,false,false,false,false,false,true,false,false,false,false,true,true,false,false,add(f)
707476031,3,BB04,false,false,false,false,false,true,false,false,false,false,true,true,true,false,add(g)
707476031,4,BB05,false,false,false,false,false,true,false,false,false,false,true,true,true,true,add(K)
707476031,5,BB06,false,false,false,false,true,true,false,false,false,false,true,true,true,true,add(E)
707476031,6,BB06,true,false,false,false,true,true,false,false,false,false,true,true,true,true,add(A)
707476031,7,BB06,true,false,false,false,true,true,false,false,false,false,true,true,true,true,deadlock
1150423126,-1,BB00,false,false,false,false,false,false,false,false,false,false,false,false,false,false,reset
1150423126,0,BB01,false,false,false,false,false,false,false,false,false,false,true,false,false,false,add(e)
1150423126,1,BB02,false,false,false,false,false,true,false,false,false,false,true,false,false,false,add(F)
1150423126,2,BB03,false,false,false,false,false,true,false,false,false,false,true,true,false,false,add(f)
1150423126,3,BB04,false,false,false,false,false,true,false,false,false,false,true,true,true,false,add(g)
1150423126,4,BB05,false,false,false,false,false,true,false,false,false,false,true,true,true,true,add(K)
1150423126,5,BB06,false,false,false,false,true,true,false,false,false,false,true,true,true,true,add(E)
1150423126,6,BB06,true,false,false,false,true,true,false,false,false,false,true,true,true,true,add(A)
1150423126,7,BB06,true,false,false,false,true,true,false,false,false,false,true,true,true,true,deadlock
306512511,-1,BB00,false,false,false,false,false,false,false,false,false,false,false,false,false,false,reset
306512511,0,BB01,false,false,false,false,false,false,false,false,false,false,true,false,false,false,add(e)
306512511,1,BB02,false,false,false,false,false,true,false,false,false,false,true,false,false,false,add(F)
306512511,2,BB03,false,false,false,false,false,true,false,false,false,false,true,true,false,false,add(f)
306512511,3,BB04,false,false,false,false,false,true,false,false,false,false,true,true,true,false,add(g)
306512511,4,BB05,false,false,false,false,false,true,false,false,false,false,true,true,true,true,add(K)
306512511,5,BB06,false,false,false,false,true,true,false,false,false,false,true,true,true,true,add(E)
306512511,6,BB06,true,false,false,false,true,true,false,false,false,false,true,true,true,true,add(A)
306512511,7,BB06,true,false,false,false,true,true,false,false,false,false,true,true,true,true,deadlock
608925298,-1,BB00,false,false,false,false,false,false,false,false,false,false,false,false,false,false,reset
608925298,0,BB01,false,false,false,false,false,false,false,false,false,false,true,false,false,false,add(e)
608925298,1,BB02,false,false,false,false,false,true,false,false,false,false,true,false,false,false,add(F)
608925298,2,BB03,false,false,false,false,false,true,false,false,false,false,true,true,false,false,add(f)
608925298,3,BB04,false,false,false,false,false,true,false,false,false,false,true,true,true,false,add(g)
608925298,4,BB05,false,false,false,false,false,true,false,false,false,false,true,true,true,true,add(K)
608925298,5,BB06,false,false,false,false,true,true,false,false,false,false,true,true,true,true,add(E)
608925298,6,BB06,true,false,false,false,true,true,false,false,false,false,true,true,true,true,add(A)
608925298,7,BB06,true,false,false,false,true,true,false,false,false,false,true,true,true,true,deadlock
2119131851,-1,BB00,false,false,false,false,false,false,false,false,false,false,false,false,false,false,reset
2119131851,0,BB01,false,false,false,false,false,false,false,false,false,false,true,false,false,false,add(e)
2119131851,1,BB02,false,false,false,false,false,true,false,false,false,false,true,false,false,false,add(F)
2119131851,2,BB03,false,false,false,false,false,true,false,false,false,false,true,true,false,false,add(f)
2119131851,3,BB04,false,false,false,false,false,true,false,false,false,false,true,true,true,false,add(g)
2119131851,4,BB05,false,false,false,false,false,true,false,false,false,false,true,true,true,true,add(K)
2119131851,5,BB06,false,false,false,false,true,true,false,false,false,false,true,true,true,true,add(E)
2119131851,6,BB06,true,false,false,false,true,true,false,false,false,false,true,true,true,true,add(A)
2119131851,7,BB06,true,false,false,false,true,true,false,false,false,false,true,true,true,true,deadlock
1099170469,-1,BB00,false,false,false,false,false,false,false,false,false,false,false,false,false,false,reset
1099170469,0,BB01,false,false,false,false,false,false,false,false,false,false,true,false,false,false,add(e)
1099170469,1,BB02,false,false,false,false,false,true,false,false,false,false,true,false,false,false,add(F)
1099170469,2,BB03,false,false,false,false,false,true,false,false,false,false,true,true,false,false,add(f)
1099170469,3,BB04,false,false,false,false,false,true,false,false,false,false,true,true,true,false,add(g)
1099170469,4,BB05,false,false,false,false,false,true,false,false,false,false,true,true,true,true,add(K)
1099170469,5,BB06,false,false,false,false,true,true,false,false,false,false,true,true,true,true,add(E)
1099170469,6,BB06,true,false,false,false,true,true,false,false,false,false,true,true,true,true,add(A)
1099170469,7,BB06,true,false,false,false,true,true,false,false,false,false,true,true,true,true,deadlock
539905029,-1,BB00,false,false,false,false,false,false,false,false,false,false,false,false,false,false,reset
539905029,0,BB01,false,false,false,false,false,false,false,false,false,false,true,false,false,false,add(e)
539905029,1,BB02,false,false,false,false,false,true,false,false,false,false,true,false,false,false,add(F)
539905029,2,BB03,false,false,false,false,false,true,false,false,false,false,true,true,false,false,add(f)
539905029,3,BB04,false,false,false,false,false,true,false,false,false,false,true,true,true,false,add(g)
539905029,4,BB05,false,false,false,false,false,true,false,false,false,false,true,true,true,true,add(K)
539905029,5,BB06,false,false,false,false,true,true,false,false,false,false,true,true,true,true,add(E)
539905029,6,BB06,true,false,false,false,true,true,false,false,false,false,true,true,true,true,add(A)
539905029,7,BB06,true,false,false,false,true,true,false,false,false,false,true,true,true,true,deadlock
535531732,-1,BB00,false,false,false,false,false,false,false,false,false,false,false,false,false,false,reset
535531732,0,BB01,false,false,false,false,false,false,false,false,false,false,true,false,false,false,add(e)
535531732,1,BB02,false,false,false,false,false,true,false,false,false,false,true,false,false,false,add(F)
535531732,2,BB03,false,false,false,false,false,true,false,false,false,false,true,true,false,false,add(f)
535531732,3,BB04,false,false,false,false,false,true,false,false,false,false,true,true,true,false,add(g)
535531732,4,BB05,false,false,false,false,false,true,false,false,false,false,true,true,true,true,add(K)
535531732,5,BB06,false,false,false,false,true,true,false,false,false,false,true,true,true,true,add(E)
535531732,6,BB06,true,false,false,false,true,true,false,false,false,false,true,true,true,true,add(A)
535531732,7,BB06,true,false,false,false,true,true,false,false,false,false,true,true,true,true,deadlock
1634622144,-1,BB00,false,false,false,false,false,false,false,false,false,false,false,false,false,false,reset
1634622144,0,BB01,false,false,false,false,false,false,false,false,false,false,true,false,false,false,add(e)
1634622144,1,BB02,false,false,false,false,false,true,false,false,false,false,true,false,false,false,add(F)
1634622144,2,BB03,false,false,false,false,false,true,false,false,false,false,true,true,false,false,add(f)
1634622144,3,BB04,false,false,false,false,false,true,false,false,false,false,true,true,true,false,add(g)
1634622144,4,BB05,false,false,false,false,false,true,false,false,false,false,true,true,true,true,add(K)
1634622144,5,BB06,false,false,false,false,true,true,false,false,false,false,true,true,true,true,add(E)
1634622144,6,BB06,true,false,false,false,true,true,false,false,false,false,true,true,true,true,add(A)
1634622144,7,BB06,true,false,false,false,true,true,false,false,false,false,true,true,true,true,deadlock
