caseID,time,state,A,B,C,D,E,F,a,b,c,d,e,f,g,K,activity
141138203,-1,B00,false,false,false,false,false,false,false,false,false,false,false,false,false,false,reset
141138203,0,B01,false,false,false,false,false,false,true,false,false,false,false,false,false,false,add(a)
141138203,1,B02,false,false,false,true,false,false,true,false,false,false,false,false,false,false,add(D)
141138203,2,B03,false,false,false,true,false,false,true,true,false,false,false,false,false,false,add(b)
141138203,3,B04,false,false,false,true,false,false,true,true,true,false,false,false,false,false,add(c)
141138203,4,B05,false,false,true,true,false,false,true,true,true,false,false,false,false,false,add(C)
141138203,5,B06,false,false,true,true,false,false,true,true,true,true,false,false,false,false,add(d)
141138203,6,B07,false,true,true,true,false,false,true,true,true,true,false,false,false,false,add(B)
141138203,7,B07,true,true,true,true,false,false,true,true,true,true,false,false,false,false,add(A)
141138203,8,B07,true,true,true,true,false,false,true,true,true,true,false,false,false,false,deadlock
1384290663,-1,B00,false,false,false,false,false,false,false,false,false,false,false,false,false,false,reset
1384290663,0,B01,false,false,false,false,false,false,true,false,false,false,false,false,false,false,add(a)
1384290663,1,B02,false,false,false,true,false,false,true,false,false,false,false,false,false,false,add(D)
1384290663,2,B03,false,false,false,true,false,false,true,true,false,false,false,false,false,false,add(b)
1384290663,3,B04,false,false,false,true,false,false,true,true,true,false,false,false,false,false,add(c)
1384290663,4,B05,false,false,true,true,false,false,true,true,true,false,false,false,false,false,add(C)
1384290663,5,B06,false,false,true,true,false,false,true,true,true,true,false,false,false,false,add(d)
1384290663,6,B07,false,true,true,true,false,false,true,true,true,true,false,false,false,false,add(B)
1384290663,7,B07,true,true,true,true,false,false,true,true,true,true,false,false,false,false,add(A)
1384290663,8,B07,true,true,true,true,false,false,true,true,true,true,false,false,false,false,deadlock
2018695618,-1,B00,false,false,false,false,false,false,false,false,false,false,false,false,false,false,reset
2018695618,0,B01,false,false,false,false,false,false,true,false,false,false,false,false,false,false,add(a)
2018695618,1,B02,false,false,false,true,false,false,true,false,false,false,false,false,false,false,add(D)
2018695618,2,B03,false,false,false,true,false,false,true,true,false,false,false,false,false,false,add(b)
2018695618,3,B04,false,false,false,true,false,false,true,true,true,false,false,false,false,false,add(c)
2018695618,4,B05,false,false,true,true,false,false,true,true,true,false,false,false,false,false,add(C)
2018695618,5,B06,false,false,true,true,false,false,true,true,true,true,false,false,false,false,add(d)
2018695618,6,B07,false,true,true,true,false,false,true,true,true,true,false,false,false,false,add(B)
2018695618,7,B07,true,true,true,true,false,false,true,true,true,true,false,false,false,false,add(A)
2018695618,8,B07,true,true,true,true,false,false,true,true,true,true,false,false,false,false,deadlock
357158217,-1,B00,false,false,false,false,false,false,false,false,false,false,false,false,false,false,reset
357158217,0,B01,false,false,false,false,false,false,true,false,false,false,false,false,false,false,add(a)
357158217,1,B02,false,false,false,true,false,false,true,false,false,false,false,false,false,false,add(D)
357158217,2,B03,false,false,false,true,false,false,true,true,false,false,false,false,false,false,add(b)
357158217,3,B04,false,false,false,true,false,false,true,true,true,false,false,false,false,false,add(c)
357158217,4,B05,false,false,true,true,false,false,true,true,true,false,false,false,false,false,add(C)
357158217,5,B06,false,false,true,true,false,false,true,true,true,true,false,false,false,false,add(d)
357158217,6,B07,false,true,true,true,false,false,true,true,true,true,false,false,false,false,add(B)
357158217,7,B07,true,true,true,true,false,false,true,true,true,true,false,false,false,false,add(A)
357158217,8,B07,true,true,true,true,false,false,true,true,true,true,false,false,false,false,deadlock
2129130948,-1,B00,false,false,false,false,false,false,false,false,false,false,false,false,false,false,reset
2129130948,0,B01,false,false,false,false,false,false,true,false,false,false,false,false,false,false,add(a)
2129130948,1,B02,false,false,false,true,false,false,true,false,false,false,false,false,false,false,add(D)
2129130948,2,B03,false,false,false,true,false,false,true,true,false,false,false,false,false,false,add(b)
2129130948,3,B04,false,false,false,true,false,false,true,true,true,false,false,false,false,false,add(c)
2129130948,4,B05,false,false,true,true,false,false,true,true,true,false,false,false,false,false,add(C)
2129130948,5,B06,false,false,true,true,false,false,true,true,true,true,false,false,false,false,add(d)
2129130948,6,B07,false,true,true,true,false,false,true,true,true,true,false,false,false,false,add(B)
2129130948,7,B07,true,true,true,true,false,false,true,true,true,true,false,false,false,false,add(A)
2129130948,8,B07,true,true,true,true,false,false,true,true,true,true,false,false,false,false,deadlock
160248743,-1,B00,false,false,false,false,false,false,false,false,false,false,false,false,false,false,reset
160248743,0,B01,false,false,false,false,false,false,true,false,false,false,false,false,false,false,add(a)
160248743,1,B02,false,false,false,true,false,false,true,false,false,false,false,false,false,false,add(D)
160248743,2,B03,false,false,false,true,false,false,true,true,false,false,false,false,false,false,add(b)
160248743,3,B04,false,false,false,true,false,false,true,true,true,false,false,false,false,false,add(c)
160248743,4,B05,false,false,true,true,false,false,true,true,true,false,false,false,false,false,add(C)
160248743,5,B06,false,false,true,true,false,false,true,true,true,true,false,false,false,false,add(d)
160248743,6,B07,false,true,true,true,false,false,true,true,true,true,false,false,false,false,add(B)
160248743,7,B07,true,true,true,true,false,false,true,true,true,true,false,false,false,false,add(A)
160248743,8,B07,true,true,true,true,false,false,true,true,true,true,false,false,false,false,deadlock
728101144,-1,B00,false,false,false,false,false,false,false,false,false,false,false,false,false,false,reset
728101144,0,B01,false,false,false,false,false,false,true,false,false,false,false,false,false,false,add(a)
728101144,1,B02,false,false,false,true,false,false,true,false,false,false,false,false,false,false,add(D)
728101144,2,B03,false,false,false,true,false,false,true,true,false,false,false,false,false,false,add(b)
728101144,3,B04,false,false,false,true,false,false,true,true,true,false,false,false,false,false,add(c)
728101144,4,B05,false,false,true,true,false,false,true,true,true,false,false,false,false,false,add(C)
728101144,5,B06,false,false,true,true,false,false,true,true,true,true,false,false,false,false,add(d)
728101144,6,B07,false,true,true,true,false,false,true,true,true,true,false,false,false,false,add(B)
728101144,7,B07,true,true,true,true,false,false,true,true,true,true,false,false,false,false,add(A)
728101144,8,B07,true,true,true,true,false,false,true,true,true,true,false,false,false,false,deadlock
763852439,-1,B00,false,false,false,false,false,false,false,false,false,false,false,false,false,false,reset
763852439,0,B01,false,false,false,false,false,false,true,false,false,false,false,false,false,false,add(a)
763852439,1,B02,false,false,false,true,false,false,true,false,false,false,false,false,false,false,add(D)
763852439,2,B03,false,false,false,true,false,false,true,true,false,false,false,false,false,false,add(b)
763852439,3,B04,false,false,false,true,false,false,true,true,true,false,false,false,false,false,add(c)
763852439,4,B05,false,false,true,true,false,false,true,true,true,false,false,false,false,false,add(C)
763852439,5,B06,false,false,true,true,false,false,true,true,true,true,false,false,false,false,add(d)
763852439,6,B07,false,true,true,true,false,false,true,true,true,true,false,false,false,false,add(B)
763852439,7,B07,true,true,true,true,false,false,true,true,true,true,false,false,false,false,add(A)
763852439,8,B07,true,true,true,true,false,false,true,true,true,true,false,false,false,false,deadlock
1404973499,-1,B00,false,false,false,false,false,false,false,false,false,false,false,false,false,false,reset
1404973499,0,B01,false,false,false,false,false,false,true,false,false,false,false,false,false,false,add(a)
1404973499,1,B02,false,false,false,true,false,false,true,false,false,false,false,false,false,false,add(D)
1404973499,2,B03,false,false,false,true,false,false,true,true,false,false,false,false,false,false,add(b)
1404973499,3,B04,false,false,false,true,false,false,true,true,true,false,false,false,false,false,add(c)
1404973499,4,B05,false,false,true,true,false,false,true,true,true,false,false,false,false,false,add(C)
1404973499,5,B06,false,false,true,true,false,false,true,true,true,true,false,false,false,false,add(d)
1404973499,6,B07,false,true,true,true,false,false,true,true,true,true,false,false,false,false,add(B)
1404973499,7,B07,true,true,true,true,false,false,true,true,true,true,false,false,false,false,add(A)
1404973499,8,B07,true,true,true,true,false,false,true,true,true,true,false,false,false,false,deadlock
940533470,-1,B00,false,false,false,false,false,false,false,false,false,false,false,false,false,false,reset
940533470,0,B01,false,false,false,false,false,false,true,false,false,false,false,false,false,false,add(a)
940533470,1,B02,false,false,false,true,false,false,true,false,false,false,false,false,false,false,add(D)
940533470,2,B03,false,false,false,true,false,false,true,true,false,false,false,false,false,false,add(b)
940533470,3,B04,false,false,false,true,false,false,true,true,true,false,false,false,false,false,add(c)
940533470,4,B05,false,false,true,true,false,false,true,true,true,false,false,false,false,false,add(C)
940533470,5,B06,false,false,true,true,false,false,true,true,true,true,false,false,false,false,add(d)
940533470,6,B07,false,true,true,true,false,false,true,true,true,true,false,false,false,false,add(B)
940533470,7,B07,true,true,true,true,false,false,true,true,true,true,false,false,false,false,add(A)
940533470,8,B07,true,true,true,true,false,false,true,true,true,true,false,false,false,false,deadlock
304091525,-1,B00,false,false,false,false,false,false,false,false,false,false,false,false,false,false,reset
304091525,0,B01,false,false,false,false,false,false,true,false,false,false,false,false,false,false,add(a)
304091525,1,B02,false,false,false,true,false,false,true,false,false,false,false,false,false,false,add(D)
304091525,2,B03,false,false,false,true,false,false,true,true,false,false,false,false,false,false,add(b)
304091525,3,B04,false,false,false,true,false,false,true,true,true,false,false,false,false,false,add(c)
304091525,4,B05,false,false,true,true,false,false,true,true,true,false,false,false,false,false,add(C)
304091525,5,B06,false,false,true,true,false,false,true,true,true,true,false,false,false,false,add(d)
304091525,6,B07,false,true,true,true,false,false,true,true,true,true,false,false,false,false,add(B)
304091525,7,B07,true,true,true,true,false,false,true,true,true,true,false,false,false,false,add(A)
304091525,8,B07,true,true,true,true,false,false,true,true,true,true,false,false,false,false,deadlock
1025406842,-1,B00,false,false,false,false,false,false,false,false,false,false,false,false,false,false,reset
1025406842,0,B01,false,false,false,false,false,false,true,false,false,false,false,false,false,false,add(a)
1025406842,1,B02,false,false,false,true,false,false,true,false,false,false,false,false,false,false,add(D)
1025406842,2,B03,false,false,false,true,false,false,true,true,false,false,false,false,false,false,add(b)
1025406842,3,B04,false,false,false,true,false,false,true,true,true,false,false,false,false,false,add(c)
1025406842,4,B05,false,false,true,true,false,false,true,true,true,false,false,false,false,false,add(C)
1025406842,5,B06,false,false,true,true,false,false,true,true,true,true,false,false,false,false,add(d)
1025406842,6,B07,false,true,true,true,false,false,true,true,true,true,false,false,false,false,add(B)
1025406842,7,B07,true,true,true,true,false,false,true,true,true,true,false,false,false,false,add(A)
1025406842,8,B07,true,true,true,true,false,false,true,true,true,true,false,false,false,false,deadlock
682108623,-1,B00,false,false,false,false,false,false,false,false,false,false,false,false,false,false,reset
682108623,0,B01,false,false,false,false,false,false,true,false,false,false,false,false,false,false,add(a)
682108623,1,B02,false,false,false,true,false,false,true,false,false,false,false,false,false,false,add(D)
682108623,2,B03,false,false,false,true,false,false,true,true,false,false,false,false,false,false,add(b)
682108623,3,B04,false,false,false,true,false,false,true,true,true,false,false,false,false,false,add(c)
682108623,4,B05,false,false,true,true,false,false,true,true,true,false,false,false,false,false,add(C)
682108623,5,B06,false,false,true,true,false,false,true,true,true,true,false,false,false,false,add(d)
682108623,6,B07,false,true,true,true,false,false,true,true,true,true,false,false,false,false,add(B)
682108623,7,B07,true,true,true,true,false,false,true,true,true,true,false,false,false,false,add(A)
682108623,8,B07,true,true,true,true,false,false,true,true,true,true,false,false,false,false,deadlock
128455549,-1,B00,false,false,false,false,false,false,false,false,false,false,false,false,false,false,reset
128455549,0,B01,false,false,false,false,false,false,true,false,false,false,false,false,false,false,add(a)
128455549,1,B02,false,false,false,true,false,false,true,false,false,false,false,false,false,false,add(D)
128455549,2,B03,false,false,false,true,false,false,true,true,false,false,false,false,false,false,add(b)
128455549,3,B04,false,false,false,true,false,false,true,true,true,false,false,false,false,false,add(c)
128455549,4,B05,false,false,true,true,false,false,true,true,true,false,false,false,false,false,add(C)
128455549,5,B06,false,false,true,true,false,false,true,true,true,true,false,false,false,false,add(d)
128455549,6,B07,false,true,true,true,false,false,true,true,true,true,false,false,false,false,add(B)
128455549,7,B07,true,true,true,true,false,false,true,true,true,true,false,false,false,false,add(A)
128455549,8,B07,true,true,true,true,false,false,true,true,true,true,false,false,false,false,deadlock
728250200,-1,B00,false,false,false,false,false,false,false,false,false,false,false,false,false,false,reset
728250200,0,B01,false,false,false,false,false,false,true,false,false,false,false,false,false,false,add(a)
728250200,1,B02,false,false,false,true,false,false,true,false,false,false,false,false,false,false,add(D)
728250200,2,B03,false,false,false,true,false,false,true,true,false,false,false,false,false,false,add(b)
728250200,3,B04,false,false,false,true,false,false,true,true,true,false,false,false,false,false,add(c)
728250200,4,B05,false,false,true,true,false,false,true,true,true,false,false,false,false,false,add(C)
728250200,5,B06,false,false,true,true,false,false,true,true,true,true,false,false,false,false,add(d)
728250200,6,B07,false,true,true,true,false,false,true,true,true,true,false,false,false,false,add(B)
728250200,7,B07,true,true,true,true,false,false,true,true,true,true,false,false,false,false,add(A)
728250200,8,B07,true,true,true,true,false,false,true,true,true,true,false,false,false,false,deadlock
1867005576,-1,B00,false,false,false,false,false,false,false,false,false,false,false,false,false,false,reset
1867005576,0,B01,false,false,false,false,false,false,true,false,false,false,false,false,false,false,add(a)
1867005576,1,B02,false,false,false,true,false,false,true,false,false,false,false,false,false,false,add(D)
1867005576,2,B03,false,false,false,true,false,false,true,true,false,false,false,false,false,false,add(b)
1867005576,3,B04,false,false,false,true,false,false,true,true,true,false,false,false,false,false,add(c)
1867005576,4,B05,false,false,true,true,false,false,true,true,true,false,false,false,false,false,add(C)
1867005576,5,B06,false,false,true,true,false,false,true,true,true,true,false,false,false,false,add(d)
1867005576,6,B07,false,true,true,true,false,false,true,true,true,true,false,false,false,false,add(B)
1867005576,7,B07,true,true,true,true,false,false,true,true,true,true,false,false,false,false,add(A)
1867005576,8,B07,true,true,true,true,false,false,true,true,true,true,false,false,false,false,deadlock
2105434724,-1,B00,false,false,false,false,false,false,false,false,false,false,false,false,false,false,reset
2105434724,0,B01,false,false,false,false,false,false,true,false,false,false,false,false,false,false,add(a)
2105434724,1,B02,false,false,false,true,false,false,true,false,false,false,false,false,false,false,add(D)
2105434724,2,B03,false,false,false,true,false,false,true,true,false,false,false,false,false,false,add(b)
2105434724,3,B04,false,false,false,true,false,false,true,true,true,false,false,false,false,false,add(c)
2105434724,4,B05,false,false,true,true,false,false,true,true,true,false,false,false,false,false,add(C)
2105434724,5,B06,false,false,true,true,false,false,true,true,true,true,false,false,false,false,add(d)
2105434724,6,B07,false,true,true,true,false,false,true,true,true,true,false,false,false,false,add(B)
2105434724,7,B07,true,true,true,true,false,false,true,true,true,true,false,false,false,false,add(A)
2105434724,8,B07,true,true,true,true,false,false,true,true,true,true,false,false,false,false,deadlock
99427426,-1,B00,false,false,false,false,false,false,false,false,false,false,false,false,false,false,reset
99427426,0,B01,false,false,false,false,false,false,true,false,false,false,false,false,false,false,add(a)
99427426,1,B02,false,false,false,true,false,false,true,false,false,false,false,false,false,false,add(D)
99427426,2,B03,false,false,false,true,false,false,true,true,false,false,false,false,false,false,add(b)
99427426,3,B04,false,false,false,true,false,false,true,true,true,false,false,false,false,false,add(c)
99427426,4,B05,false,false,true,true,false,false,true,true,true,false,false,false,false,false,add(C)
99427426,5,B06,false,false,true,true,false,false,true,true,true,true,false,false,false,false,add(d)
99427426,6,B07,false,true,true,true,false,false,true,true,true,true,false,false,false,false,add(B)
99427426,7,B07,true,true,true,true,false,false,true,true,true,true,false,false,false,false,add(A)
99427426,8,B07,true,true,true,true,false,false,true,true,true,true,false,false,false,false,deadlock
250863393,-1,B00,false,false,false,false,false,false,false,false,false,false,false,false,false,false,reset
250863393,0,B01,false,false,false,false,false,false,true,false,false,false,false,false,false,false,add(a)
250863393,1,B02,false,false,false,true,false,false,true,false,false,false,false,false,false,false,add(D)
250863393,2,B03,false,false,false,true,false,false,true,true,false,false,false,false,false,false,add(b)
250863393,3,B04,false,false,false,true,false,false,true,true,true,false,false,false,false,false,add(c)
250863393,4,B05,false,false,true,true,false,false,true,true,true,false,false,false,false,false,add(C)
250863393,5,B06,false,false,true,true,false,false,true,true,true,true,false,false,false,false,add(d)
250863393,6,B07,false,true,true,true,false,false,true,true,true,true,false,false,false,false,add(B)
250863393,7,B07,true,true,true,true,false,false,true,true,true,true,false,false,false,false,add(A)
250863393,8,B07,true,true,true,true,false,false,true,true,true,true,false,false,false,false,deadlock
157168206,-1,B00,false,false,false,false,false,false,false,false,false,false,false,false,false,false,reset
157168206,0,B01,false,false,false,false,false,false,true,false,false,false,false,false,false,false,add(a)
157168206,1,B02,false,false,false,true,false,false,true,false,false,false,false,false,false,false,add(D)
157168206,2,B03,false,false,false,true,false,false,true,true,false,false,false,false,false,false,add(b)
157168206,3,B04,false,false,false,true,false,false,true,true,true,false,false,false,false,false,add(c)
157168206,4,B05,false,false,true,true,false,false,true,true,true,false,false,false,false,false,add(C)
157168206,5,B06,false,false,true,true,false,false,true,true,true,true,false,false,false,false,add(d)
157168206,6,B07,false,true,true,true,false,false,true,true,true,true,false,false,false,false,add(B)
157168206,7,B07,true,true,true,true,false,false,true,true,true,true,false,false,false,false,add(A)
157168206,8,B07,true,true,true,true,false,false,true,true,true,true,false,false,false,false,deadlock
1274923199,-1,B00,false,false,false,false,false,false,false,false,false,false,false,false,false,false,reset
1274923199,0,B01,false,false,false,false,false,false,true,false,false,false,false,false,false,false,add(a)
1274923199,1,B02,false,false,false,true,false,false,true,false,false,false,false,false,false,false,add(D)
1274923199,2,B03,false,false,false,true,false,false,true,true,false,false,false,false,false,false,add(b)
1274923199,3,B04,false,false,false,true,false,false,true,true,true,false,false,false,false,false,add(c)
1274923199,4,B05,false,false,true,true,false,false,true,true,true,false,false,false,false,false,add(C)
1274923199,5,B06,false,false,true,true,false,false,true,true,true,true,false,false,false,false,add(d)
1274923199,6,B07,false,true,true,true,false,false,true,true,true,true,false,false,false,false,add(B)
1274923199,7,B07,true,true,true,true,false,false,true,true,true,true,false,false,false,false,add(A)
1274923199,8,B07,true,true,true,true,false,false,true,true,true,true,false,false,false,false,deadlock
80140955,-1,B00,false,false,false,false,false,false,false,false,false,false,false,false,false,false,reset
80140955,0,B01,false,false,false,false,false,false,true,false,false,false,false,false,false,false,add(a)
80140955,1,B02,false,false,false,true,false,false,true,false,false,false,false,false,false,false,add(D)
80140955,2,B03,false,false,false,true,false,false,true,true,false,false,false,false,false,false,add(b)
80140955,3,B04,false,false,false,true,false,false,true,true,true,false,false,false,false,false,add(c)
80140955,4,B05,false,false,true,true,false,false,true,true,true,false,false,false,false,false,add(C)
80140955,5,B06,false,false,true,true,false,false,true,true,true,true,false,false,false,false,add(d)
80140955,6,B07,false,true,true,true,false,false,true,true,true,true,false,false,false,false,add(B)
80140955,7,B07,true,true,true,true,false,false,true,true,true,true,false,false,false,false,add(A)
80140955,8,B07,true,true,true,true,false,false,true,true,true,true,false,false,false,false,deadlock
1402313175,-1,B00,false,false,false,false,false,false,false,false,false,false,false,false,false,false,reset
1402313175,0,B01,false,false,false,false,false,false,true,false,false,false,false,false,false,false,add(a)
1402313175,1,B02,false,false,false,true,false,false,true,false,false,false,false,false,false,false,add(D)
1402313175,2,B03,false,false,false,true,false,false,true,true,false,false,false,false,false,false,add(b)
1402313175,3,B04,false,false,false,true,false,false,true,true,true,false,false,false,false,false,add(c)
1402313175,4,B05,false,false,true,true,false,false,true,true,true,false,false,false,false,false,add(C)
1402313175,5,B06,false,false,true,true,false,false,true,true,true,true,false,false,false,false,add(d)
1402313175,6,B07,false,true,true,true,false,false,true,true,true,true,false,false,false,false,add(B)
1402313175,7,B07,true,true,true,true,false,false,true,true,true,true,false,false,false,false,add(A)
1402313175,8,B07,true,true,true,true,false,false,true,true,true,true,false,false,false,false,deadlock
99082378,-1,B00,false,false,false,false,false,false,false,false,false,false,false,false,false,false,reset
99082378,0,B01,false,false,false,false,false,false,true,false,false,false,false,false,false,false,add(a)
99082378,1,B02,false,false,false,true,false,false,true,false,false,false,false,false,false,false,add(D)
99082378,2,B03,false,false,false,true,false,false,true,true,false,false,false,false,false,false,add(b)
99082378,3,B04,false,false,false,true,false,false,true,true,true,false,false,false,false,false,add(c)
99082378,4,B05,false,false,true,true,false,false,true,true,true,false,false,false,false,false,add(C)
99082378,5,B06,false,false,true,true,false,false,true,true,true,true,false,false,false,false,add(d)
99082378,6,B07,false,true,true,true,false,false,true,true,true,true,false,false,false,false,add(B)
99082378,7,B07,true,true,true,true,false,false,true,true,true,true,false,false,false,false,add(A)
99082378,8,B07,true,true,true,true,false,false,true,true,true,true,false,false,false,false,deadlock
406421817,-1,B00,false,false,false,false,false,false,false,false,false,false,false,false,false,false,reset
406421817,0,B01,false,false,false,false,false,false,true,false,false,false,false,false,false,false,add(a)
406421817,1,B02,false,false,false,true,false,false,true,false,false,false,false,false,false,false,add(D)
406421817,2,B03,false,false,false,true,false,false,true,true,false,false,false,false,false,false,add(b)
406421817,3,B04,false,false,false,true,false,false,true,true,true,false,false,false,false,false,add(c)
406421817,4,B05,false,false,true,true,false,false,true,true,true,false,false,false,false,false,add(C)
406421817,5,B06,false,false,true,true,false,false,true,true,true,true,false,false,false,false,add(d)
406421817,6,B07,false,true,true,true,false,false,true,true,true,true,false,false,false,false,add(B)
406421817,7,B07,true,true,true,true,false,false,true,true,true,true,false,false,false,false,add(A)
406421817,8,B07,true,true,true,true,false,false,true,true,true,true,false,false,false,false,deadlock
346984834,-1,B00,false,false,false,false,false,false,false,false,false,false,false,false,false,false,reset
346984834,0,B01,false,false,false,false,false,false,true,false,false,false,false,false,false,false,add(a)
346984834,1,B02,false,false,false,true,false,false,true,false,false,false,false,false,false,false,add(D)
346984834,2,B03,false,false,false,true,false,false,true,true,false,false,false,false,false,false,add(b)
346984834,3,B04,false,false,false,true,false,false,true,true,true,false,false,false,false,false,add(c)
346984834,4,B05,false,false,true,true,false,false,true,true,true,false,false,false,false,false,add(C)
346984834,5,B06,false,false,true,true,false,false,true,true,true,true,false,false,false,false,add(d)
346984834,6,B07,false,true,true,true,false,false,true,true,true,true,false,false,false,false,add(B)
346984834,7,B07,true,true,true,true,false,false,true,true,true,true,false,false,false,false,add(A)
346984834,8,B07,true,true,true,true,false,false,true,true,true,true,false,false,false,false,deadlock
83861885,-1,B00,false,false,false,false,false,false,false,false,false,false,false,false,false,false,reset
83861885,0,B01,false,false,false,false,false,false,true,false,false,false,false,false,false,false,add(a)
83861885,1,B02,false,false,false,true,false,false,true,false,false,false,false,false,false,false,add(D)
83861885,2,B03,false,false,false,true,false,false,true,true,false,false,false,false,false,false,add(b)
83861885,3,B04,false,false,false,true,false,false,true,true,true,false,false,false,false,false,add(c)
83861885,4,B05,false,false,true,true,false,false,true,true,true,false,false,false,false,false,add(C)
83861885,5,B06,false,false,true,true,false,false,true,true,true,true,false,false,false,false,add(d)
83861885,6,B07,false,true,true,true,false,false,true,true,true,true,false,false,false,false,add(B)
83861885,7,B07,true,true,true,true,false,false,true,true,true,true,false,false,false,false,add(A)
83861885,8,B07,true,true,true,true,false,false,true,true,true,true,false,false,false,false,deadlock
2086774647,-1,B00,false,false,false,false,false,false,false,false,false,false,false,false,false,false,reset
2086774647,0,B01,false,false,false,false,false,false,true,false,false,false,false,false,false,false,add(a)
2086774647,1,B02,false,false,false,true,false,false,true,false,false,false,false,false,false,false,add(D)
2086774647,2,B03,false,false,false,true,false,false,true,true,false,false,false,false,false,false,add(b)
2086774647,3,B04,false,false,false,true,false,false,true,true,true,false,false,false,false,false,add(c)
2086774647,4,B05,false,false,true,true,false,false,true,true,true,false,false,false,false,false,add(C)
2086774647,5,B06,false,false,true,true,false,false,true,true,true,true,false,false,false,false,add(d)
2086774647,6,B07,false,true,true,true,false,false,true,true,true,true,false,false,false,false,add(B)
2086774647,7,B07,true,true,true,true,false,false,true,true,true,true,false,false,false,false,add(A)
2086774647,8,B07,true,true,true,true,false,false,true,true,true,true,false,false,false,false,deadlock
1027346745,-1,B00,false,false,false,false,false,false,false,false,false,false,false,false,false,false,reset
1027346745,0,B01,false,false,false,false,false,false,true,false,false,false,false,false,false,false,add(a)
1027346745,1,B02,false,false,false,true,false,false,true,false,false,false,false,false,false,false,add(D)
1027346745,2,B03,false,false,false,true,false,false,true,true,false,false,false,false,false,false,add(b)
1027346745,3,B04,false,false,false,true,false,false,true,true,true,false,false,false,false,false,add(c)
1027346745,4,B05,false,false,true,true,false,false,true,true,true,false,false,false,false,false,add(C)
1027346745,5,B06,false,false,true,true,false,false,true,true,true,true,false,false,false,false,add(d)
1027346745,6,B07,false,true,true,true,false,false,true,true,true,true,false,false,false,false,add(B)
1027346745,7,B07,true,true,true,true,false,false,true,true,true,true,false,false,false,false,add(A)
1027346745,8,B07,true,true,true,true,false,false,true,true,true,true,false,false,false,false,deadlock
384915091,-1,B00,false,false,false,false,false,false,false,false,false,false,false,false,false,false,reset
384915091,0,B01,false,false,false,false,false,false,true,false,false,false,false,false,false,false,add(a)
384915091,1,B02,false,false,false,true,false,false,true,false,false,false,false,false,false,false,add(D)
384915091,2,B03,false,false,false,true,false,false,true,true,false,false,false,false,false,false,add(b)
384915091,3,B04,false,false,false,true,false,false,true,true,true,false,false,false,false,false,add(c)
384915091,4,B05,false,false,true,true,false,false,true,true,true,false,false,false,false,false,add(C)
384915091,5,B06,false,false,true,true,false,false,true,true,true,true,false,false,false,false,add(d)
384915091,6,B07,false,true,true,true,false,false,true,true,true,true,false,false,false,false,add(B)
384915091,7,B07,true,true,true,true,false,false,true,true,true,true,false,false,false,false,add(A)
384915091,8,B07,true,true,true,true,false,false,true,true,true,true,false,false,false,false,deadlock
1115473357,-1,B00,false,false,false,false,false,false,false,false,false,false,false,false,false,false,reset
1115473357,0,B01,false,false,false,false,false,false,true,false,false,false,false,false,false,false,add(a)
1115473357,1,B02,false,false,false,true,false,false,true,false,false,false,false,false,false,false,add(D)
1115473357,2,B03,false,false,false,true,false,false,true,true,false,false,false,false,false,false,add(b)
1115473357,3,B04,false,false,false,true,false,false,true,true,true,false,false,false,false,false,add(c)
1115473357,4,B05,false,false,true,true,false,false,true,true,true,false,false,false,false,false,add(C)
1115473357,5,B06,false,false,true,true,false,false,true,true,true,true,false,false,false,false,add(d)
1115473357,6,B07,false,true,true,true,false,false,true,true,true,true,false,false,false,false,add(B)
1115473357,7,B07,true,true,true,true,false,false,true,true,true,true,false,false,false,false,add(A)
1115473357,8,B07,true,true,true,true,false,false,true,true,true,true,false,false,false,false,deadlock
1374515146,-1,B00,false,false,false,false,false,false,false,false,false,false,false,false,false,false,reset
1374515146,0,B01,false,false,false,false,false,false,true,false,false,false,false,false,false,false,add(a)
1374515146,1,B02,false,false,false,true,false,false,true,false,false,false,false,false,false,false,add(D)
1374515146,2,B03,false,false,false,true,false,false,true,true,false,false,false,false,false,false,add(b)
1374515146,3,B04,false,false,false,true,false,false,true,true,true,false,false,false,false,false,add(c)
1374515146,4,B05,false,false,true,true,false,false,true,true,true,false,false,false,false,false,add(C)
1374515146,5,B06,false,false,true,true,false,false,true,true,true,true,false,false,false,false,add(d)
1374515146,6,B07,false,true,true,true,false,false,true,true,true,true,false,false,false,false,add(B)
1374515146,7,B07,true,true,true,true,false,false,true,true,true,true,false,false,false,false,add(A)
1374515146,8,B07,true,true,true,true,false,false,true,true,true,true,false,false,false,false,deadlock
1161185011,-1,B00,false,false,false,false,false,false,false,false,false,false,false,false,false,false,reset
1161185011,0,B01,false,false,false,false,false,false,true,false,false,false,false,false,false,false,add(a)
1161185011,1,B02,false,false,false,true,false,false,true,false,false,false,false,false,false,false,add(D)
1161185011,2,B03,false,false,false,true,false,false,true,true,false,false,false,false,false,false,add(b)
1161185011,3,B04,false,false,false,true,false,false,true,true,true,false,false,false,false,false,add(c)
1161185011,4,B05,false,false,true,true,false,false,true,true,true,false,false,false,false,false,add(C)
1161185011,5,B06,false,false,true,true,false,false,true,true,true,true,false,false,false,false,add(d)
1161185011,6,B07,false,true,true,true,false,false,true,true,true,true,false,false,false,false,add(B)
1161185011,7,B07,true,true,true,true,false,false,true,true,true,true,false,false,false,false,add(A)
1161185011,8,B07,true,true,true,true,false,false,true,true,true,true,false,false,false,false,deadlock
201884353,-1,B00,false,false,false,false,false,false,false,false,false,false,false,false,false,false,reset
201884353,0,B01,false,false,false,false,false,false,true,false,false,false,false,false,false,false,add(a)
201884353,1,B02,false,false,false,true,false,false,true,false,false,false,false,false,false,false,add(D)
201884353,2,B03,false,false,false,true,false,false,true,true,false,false,false,false,false,false,add(b)
201884353,3,B04,false,false,false,true,false,false,true,true,true,false,false,false,false,false,add(c)
201884353,4,B05,false,false,true,true,false,false,true,true,true,false,false,false,false,false,add(C)
201884353,5,B06,false,false,true,true,false,false,true,true,true,true,false,false,false,false,add(d)
201884353,6,B07,false,true,true,true,false,false,true,true,true,true,false,false,false,false,add(B)
201884353,7,B07,true,true,true,true,false,false,true,true,true,true,false,false,false,false,add(A)
201884353,8,B07,true,true,true,true,false,false,true,true,true,true,false,false,false,false,deadlock
861729424,-1,B00,false,false,false,false,false,false,false,false,false,false,false,false,false,false,reset
861729424,0,B01,false,false,false,false,false,false,true,false,false,false,false,false,false,false,add(a)
861729424,1,B02,false,false,false,true,false,false,true,false,false,false,false,false,false,false,add(D)
861729424,2,B03,false,false,false,true,false,false,true,true,false,false,false,false,false,false,add(b)
861729424,3,B04,false,false,false,true,false,false,true,true,true,false,false,false,false,false,add(c)
861729424,4,B05,false,false,true,true,false,false,true,true,true,false,false,false,false,false,add(C)
861729424,5,B06,false,false,true,true,false,false,true,true,true,true,false,false,false,false,add(d)
861729424,6,B07,false,true,true,true,false,false,true,true,true,true,false,false,false,false,add(B)
861729424,7,B07,true,true,true,true,false,false,true,true,true,true,false,false,false,false,add(A)
861729424,8,B07,true,true,true,true,false,false,true,true,true,true,false,false,false,false,deadlock
681995645,-1,B00,false,false,false,false,false,false,false,false,false,false,false,false,false,false,reset
681995645,0,B01,false,false,false,false,false,false,true,false,false,false,false,false,false,false,add(a)
681995645,1,B02,false,false,false,true,false,false,true,false,false,false,false,false,false,false,add(D)
681995645,2,B03,false,false,false,true,false,false,true,true,false,false,false,false,false,false,add(b)
681995645,3,B04,false,false,false,true,false,false,true,true,true,false,false,false,false,false,add(c)
681995645,4,B05,false,false,true,true,false,false,true,true,true,false,false,false,false,false,add(C)
681995645,5,B06,false,false,true,true,false,false,true,true,true,true,false,false,false,false,add(d)
681995645,6,B07,false,true,true,true,false,false,true,true,true,true,false,false,false,false,add(B)
681995645,7,B07,true,true,true,true,false,false,true,true,true,true,false,false,false,false,add(A)
681995645,8,B07,true,true,true,true,false,false,true,true,true,true,false,false,false,false,deadlock
2143489317,-1,B00,false,false,false,false,false,false,false,false,false,false,false,false,false,false,reset
2143489317,0,B01,false,false,false,false,false,false,true,false,false,false,false,false,false,false,add(a)
2143489317,1,B02,false,false,false,true,false,false,true,false,false,false,false,false,false,false,add(D)
2143489317,2,B03,false,false,false,true,false,false,true,true,false,false,false,false,false,false,add(b)
2143489317,3,B04,false,false,false,true,false,false,true,true,true,false,false,false,false,false,add(c)
2143489317,4,B05,false,false,true,true,false,false,true,true,true,false,false,false,false,false,add(C)
2143489317,5,B06,false,false,true,true,false,false,true,true,true,true,false,false,false,false,add(d)
2143489317,6,B07,false,true,true,true,false,false,true,true,true,true,false,false,false,false,add(B)
2143489317,7,B07,true,true,true,true,false,false,true,true,true,true,false,false,false,false,add(A)
2143489317,8,B07,true,true,true,true,false,false,true,true,true,true,false,false,false,false,deadlock
420518319,-1,B00,false,false,false,false,false,false,false,false,false,false,false,false,false,false,reset
420518319,0,B01,false,false,false,false,false,false,true,false,false,false,false,false,false,false,add(a)
420518319,1,B02,false,false,false,true,false,false,true,false,false,false,false,false,false,false,add(D)
420518319,2,B03,false,false,false,true,false,false,true,true,false,false,false,false,false,false,add(b)
420518319,3,B04,false,false,false,true,false,false,true,true,true,false,false,false,false,false,add(c)
420518319,4,B05,false,false,true,true,false,false,true,true,true,false,false,false,false,false,add(C)
420518319,5,B06,false,false,true,true,false,false,true,true,true,true,false,false,false,false,add(d)
420518319,6,B07,false,true,true,true,false,false,true,true,true,true,false,false,false,false,add(B)
420518319,7,B07,true,true,true,true,false,false,true,true,true,true,false,false,false,false,add(A)
420518319,8,B07,true,true,true,true,false,false,true,true,true,true,false,false,false,false,deadlock
725108097,-1,B00,false,false,false,false,false,false,false,false,false,false,false,false,false,false,reset
725108097,0,B01,false,false,false,false,false,false,true,false,false,false,false,false,false,false,add(a)
725108097,1,B02,false,false,false,true,false,false,true,false,false,false,false,false,false,false,add(D)
725108097,2,B03,false,false,false,true,false,false,true,true,false,false,false,false,false,false,add(b)
725108097,3,B04,false,false,false,true,false,false,true,true,true,false,false,false,false,false,add(c)
725108097,4,B05,false,false,true,true,false,false,true,true,true,false,false,false,false,false,add(C)
725108097,5,B06,false,false,true,true,false,false,true,true,true,true,false,false,false,false,add(d)
725108097,6,B07,false,true,true,true,false,false,true,true,true,true,false,false,false,false,add(B)
725108097,7,B07,true,true,true,true,false,false,true,true,true,true,false,false,false,false,add(A)
725108097,8,B07,true,true,true,true,false,false,true,true,true,true,false,false,false,false,deadlock
1675632833,-1,B00,false,false,false,false,false,false,false,false,false,false,false,false,false,false,reset
1675632833,0,B01,false,false,false,false,false,false,true,false,false,false,false,false,false,false,add(a)
1675632833,1,B02,false,false,false,true,false,false,true,false,false,false,false,false,false,false,add(D)
1675632833,2,B03,false,false,false,true,false,false,true,true,false,false,false,false,false,false,add(b)
1675632833,3,B04,false,false,false,true,false,false,true,true,true,false,false,false,false,false,add(c)
1675632833,4,B05,false,false,true,true,false,false,true,true,true,false,false,false,false,false,add(C)
1675632833,5,B06,false,false,true,true,false,false,true,true,true,true,false,false,false,false,add(d)
1675632833,6,B07,false,true,true,true,false,false,true,true,true,true,false,false,false,false,add(B)
1675632833,7,B07,true,true,true,true,false,false,true,true,true,true,false,false,false,false,add(A)
1675632833,8,B07,true,true,true,true,false,false,true,true,true,true,false,false,false,false,deadlock
2077474979,-1,B00,false,false,false,false,false,false,false,false,false,false,false,false,false,false,reset
2077474979,0,B01,false,false,false,false,false,false,true,false,false,false,false,false,false,false,add(a)
2077474979,1,B02,false,false,false,true,false,false,true,false,false,false,false,false,false,false,add(D)
2077474979,2,B03,false,false,false,true,false,false,true,true,false,false,false,false,false,false,add(b)
2077474979,3,B04,false,false,false,true,false,false,true,true,true,false,false,false,false,false,add(c)
2077474979,4,B05,false,false,true,true,false,false,true,true,true,false,false,false,false,false,add(C)
2077474979,5,B06,false,false,true,true,false,false,true,true,true,true,false,false,false,false,add(d)
2077474979,6,B07,false,true,true,true,false,false,true,true,true,true,false,false,false,false,add(B)
2077474979,7,B07,true,true,true,true,false,false,true,true,true,true,false,false,false,false,add(A)
2077474979,8,B07,true,true,true,true,false,false,true,true,true,true,false,false,false,false,deadlock
1999338098,-1,B00,false,false,false,false,false,false,false,false,false,false,false,false,false,false,reset
1999338098,0,B01,false,false,false,false,false,false,true,false,false,false,false,false,false,false,add(a)
1999338098,1,B02,false,false,false,true,false,false,true,false,false,false,false,false,false,false,add(D)
1999338098,2,B03,false,false,false,true,false,false,true,true,false,false,false,false,false,false,add(b)
1999338098,3,B04,false,false,false,true,false,false,true,true,true,false,false,false,false,false,add(c)
1999338098,4,B05,false,false,true,true,false,false,true,true,true,false,false,false,false,false,add(C)
1999338098,5,B06,false,false,true,true,false,false,true,true,true,true,false,false,false,false,add(d)
1999338098,6,B07,false,true,true,true,false,false,true,true,true,true,false,false,false,false,add(B)
1999338098,7,B07,true,true,true,true,false,false,true,true,true,true,false,false,false,false,add(A)
1999338098,8,B07,true,true,true,true,false,false,true,true,true,true,false,false,false,false,deadlock
1114597690,-1,B00,false,false,false,false,false,false,false,false,false,false,false,false,false,false,reset
1114597690,0,B01,false,false,false,false,false,false,true,false,false,false,false,false,false,false,add(a)
1114597690,1,B02,false,false,false,true,false,false,true,false,false,false,false,false,false,false,add(D)
1114597690,2,B03,false,false,false,true,false,false,true,true,false,false,false,false,false,false,add(b)
1114597690,3,B04,false,false,false,true,false,false,true,true,true,false,false,false,false,false,add(c)
1114597690,4,B05,false,false,true,true,false,false,true,true,true,false,false,false,false,false,add(C)
1114597690,5,B06,false,false,true,true,false,false,true,true,true,true,false,false,false,false,add(d)
1114597690,6,B07,false,true,true,true,false,false,true,true,true,true,false,false,false,false,add(B)
1114597690,7,B07,true,true,true,true,false,false,true,true,true,true,false,false,false,false,add(A)
1114597690,8,B07,true,true,true,true,false,false,true,true,true,true,false,false,false,false,deadlock
1803366116,-1,B00,false,false,false,false,false,false,false,false,false,false,false,false,false,false,reset
1803366116,0,B01,false,false,false,false,false,false,true,false,false,false,false,false,false,false,add(a)
1803366116,1,B02,false,false,false,true,false,false,true,false,false,false,false,false,false,false,add(D)
1803366116,2,B03,false,false,false,true,false,false,true,true,false,false,false,false,false,false,add(b)
1803366116,3,B04,false,false,false,true,false,false,true,true,true,false,false,false,false,false,add(c)
1803366116,4,B05,false,false,true,true,false,false,true,true,true,false,false,false,false,false,add(C)
1803366116,5,B06,false,false,true,true,false,false,true,true,true,true,false,false,false,false,add(d)
1803366116,6,B07,false,true,true,true,false,false,true,true,true,true,false,false,false,false,add(B)
1803366116,7,B07,true,true,true,true,false,false,true,true,true,true,false,false,false,false,add(A)
1803366116,8,B07,true,true,true,true,false,false,true,true,true,true,false,false,false,false,deadlock
1583846697,-1,B00,false,false,false,false,false,false,false,false,false,false,false,false,false,false,reset
1583846697,0,B01,false,false,false,false,false,false,true,false,false,false,false,false,false,false,add(a)
1583846697,1,B02,false,false,false,true,false,false,true,false,false,false,false,false,false,false,add(D)
1583846697,2,B03,false,false,false,true,false,false,true,true,false,false,false,false,false,false,add(b)
1583846697,3,B04,false,false,false,true,false,false,true,true,true,false,false,false,false,false,add(c)
1583846697,4,B05,false,false,true,true,false,false,true,true,true,false,false,false,false,false,add(C)
1583846697,5,B06,false,false,true,true,false,false,true,true,true,true,false,false,false,false,add(d)
1583846697,6,B07,false,true,true,true,false,false,true,true,true,true,false,false,false,false,add(B)
1583846697,7,B07,true,true,true,true,false,false,true,true,true,true,false,false,false,false,add(A)
1583846697,8,B07,true,true,true,true,false,false,true,true,true,true,false,false,false,false,deadlock
1274645760,-1,B00,false,false,false,false,false,false,false,false,false,false,false,false,false,false,reset
1274645760,0,B01,false,false,false,false,false,false,true,false,false,false,false,false,false,false,add(a)
1274645760,1,B02,false,false,false,true,false,false,true,false,false,false,false,false,false,false,add(D)
1274645760,2,B03,false,false,false,true,false,false,true,true,false,false,false,false,false,false,add(b)
1274645760,3,B04,false,false,false,true,false,false,true,true,true,false,false,false,false,false,add(c)
1274645760,4,B05,false,false,true,true,false,false,true,true,true,false,false,false,false,false,add(C)
1274645760,5,B06,false,false,true,true,false,false,true,true,true,true,false,false,false,false,add(d)
1274645760,6,B07,false,true,true,true,false,false,true,true,true,true,false,false,false,false,add(B)
1274645760,7,B07,true,true,true,true,false,false,true,true,true,true,false,false,false,false,add(A)
1274645760,8,B07,true,true,true,true,false,false,true,true,true,true,false,false,false,false,deadlock
895286722,-1,B00,false,false,false,false,false,false,false,false,false,false,false,false,false,false,reset
895286722,0,B01,false,false,false,false,false,false,true,false,false,false,false,false,false,false,add(a)
895286722,1,B02,false,false,false,true,false,false,true,false,false,false,false,false,false,false,add(D)
895286722,2,B03,false,false,false,true,false,false,true,true,false,false,false,false,false,false,add(b)
895286722,3,B04,false,false,false,true,false,false,true,true,true,false,false,false,false,false,add(c)
895286722,4,B05,false,false,true,true,false,false,true,true,true,false,false,false,false,false,add(C)
895286722,5,B06,false,false,true,true,false,false,true,true,true,true,false,false,false,false,add(d)
895286722,6,B07,false,true,true,true,false,false,true,true,true,true,false,false,false,false,add(B)
895286722,7,B07,true,true,true,true,false,false,true,true,true,true,false,false,false,false,add(A)
895286722,8,B07,true,true,true,true,false,false,true,true,true,true,false,false,false,false,deadlock
209064865,-1,B00,false,false,false,false,false,false,false,false,false,false,false,false,false,false,reset
209064865,0,B01,false,false,false,false,false,false,true,false,false,false,false,false,false,false,add(a)
209064865,1,B02,false,false,false,true,false,false,true,false,false,false,false,false,false,false,add(D)
209064865,2,B03,false,false,false,true,false,false,true,true,false,false,false,false,false,false,add(b)
209064865,3,B04,false,false,false,true,false,false,true,true,true,false,false,false,false,false,add(c)
209064865,4,B05,false,false,true,true,false,false,true,true,true,false,false,false,false,false,add(C)
209064865,5,B06,false,false,true,true,false,false,true,true,true,true,false,false,false,false,add(d)
209064865,6,B07,false,true,true,true,false,false,true,true,true,true,false,false,false,false,add(B)
209064865,7,B07,true,true,true,true,false,false,true,true,true,true,false,false,false,false,add(A)
209064865,8,B07,true,true,true,true,false,false,true,true,true,true,false,false,false,false,deadlock
1429802235,-1,B00,false,false,false,false,false,false,false,false,false,false,false,false,false,false,reset
1429802235,0,B01,false,false,false,false,false,false,true,false,false,false,false,false,false,false,add(a)
1429802235,1,B02,false,false,false,true,false,false,true,false,false,false,false,false,false,false,add(D)
1429802235,2,B03,false,false,false,true,false,false,true,true,false,false,false,false,false,false,add(b)
1429802235,3,B04,false,false,false,true,false,false,true,true,true,false,false,false,false,false,add(c)
1429802235,4,B05,false,false,true,true,false,false,true,true,true,false,false,false,false,false,add(C)
1429802235,5,B06,false,false,true,true,false,false,true,true,true,true,false,false,false,false,add(d)
1429802235,6,B07,false,true,true,true,false,false,true,true,true,true,false,false,false,false,add(B)
1429802235,7,B07,true,true,true,true,false,false,true,true,true,true,false,false,false,false,add(A)
1429802235,8,B07,true,true,true,true,false,false,true,true,true,true,false,false,false,false,deadlock
102952400,-1,B00,false,false,false,false,false,false,false,false,false,false,false,false,false,false,reset
102952400,0,B01,false,false,false,false,false,false,true,false,false,false,false,false,false,false,add(a)
102952400,1,B02,false,false,false,true,false,false,true,false,false,false,false,false,false,false,add(D)
102952400,2,B03,false,false,false,true,false,false,true,true,false,false,false,false,false,false,add(b)
102952400,3,B04,false,false,false,true,false,false,true,true,true,false,false,false,false,false,add(c)
102952400,4,B05,false,false,true,true,false,false,true,true,true,false,false,false,false,false,add(C)
102952400,5,B06,false,false,true,true,false,false,true,true,true,true,false,false,false,false,add(d)
102952400,6,B07,false,true,true,true,false,false,true,true,true,true,false,false,false,false,add(B)
102952400,7,B07,true,true,true,true,false,false,true,true,true,true,false,false,false,false,add(A)
102952400,8,B07,true,true,true,true,false,false,true,true,true,true,false,false,false,false,deadlock
1007549525,-1,B00,false,false,false,false,false,false,false,false,false,false,false,false,false,false,reset
1007549525,0,B01,false,false,false,false,false,false,true,false,false,false,false,false,false,false,add(a)
1007549525,1,B02,false,false,false,true,false,false,true,false,false,false,false,false,false,false,add(D)
1007549525,2,B03,false,false,false,true,false,false,true,true,false,false,false,false,false,false,add(b)
1007549525,3,B04,false,false,false,true,false,false,true,true,true,false,false,false,false,false,add(c)
1007549525,4,B05,false,false,true,true,false,false,true,true,true,false,false,false,false,false,add(C)
1007549525,5,B06,false,false,true,true,false,false,true,true,true,true,false,false,false,false,add(d)
1007549525,6,B07,false,true,true,true,false,false,true,true,true,true,false,false,false,false,add(B)
1007549525,7,B07,true,true,true,true,false,false,true,true,true,true,false,false,false,false,add(A)
1007549525,8,B07,true,true,true,true,false,false,true,true,true,true,false,false,false,false,deadlock
798302941,-1,B00,false,false,false,false,false,false,false,false,false,false,false,false,false,false,reset
798302941,0,B01,false,false,false,false,false,false,true,false,false,false,false,false,false,false,add(a)
798302941,1,B02,false,false,false,true,false,false,true,false,false,false,false,false,false,false,add(D)
798302941,2,B03,false,false,false,true,false,false,true,true,false,false,false,false,false,false,add(b)
798302941,3,B04,false,false,false,true,false,false,true,true,true,false,false,false,false,false,add(c)
798302941,4,B05,false,false,true,true,false,false,true,true,true,false,false,false,false,false,add(C)
798302941,5,B06,false,false,true,true,false,false,true,true,true,true,false,false,false,false,add(d)
798302941,6,B07,false,true,true,true,false,false,true,true,true,true,false,false,false,false,add(B)
798302941,7,B07,true,true,true,true,false,false,true,true,true,true,false,false,false,false,add(A)
798302941,8,B07,true,true,true,true,false,false,true,true,true,true,false,false,false,false,deadlock
745223559,-1,B00,false,false,false,false,false,false,false,false,false,false,false,false,false,false,reset
745223559,0,B01,false,false,false,false,false,false,true,false,false,false,false,false,false,false,add(a)
745223559,1,B02,false,false,false,true,false,false,true,false,false,false,false,false,false,false,add(D)
745223559,2,B03,false,false,false,true,false,false,true,true,false,false,false,false,false,false,add(b)
745223559,3,B04,false,false,false,true,false,false,true,true,true,false,false,false,false,false,add(c)
745223559,4,B05,false,false,true,true,false,false,true,true,true,false,false,false,false,false,add(C)
745223559,5,B06,false,false,true,true,false,false,true,true,true,true,false,false,false,false,add(d)
745223559,6,B07,false,true,true,true,false,false,true,true,true,true,false,false,false,false,add(B)
745223559,7,B07,true,true,true,true,false,false,true,true,true,true,false,false,false,false,add(A)
745223559,8,B07,true,true,true,true,false,false,true,true,true,true,false,false,false,false,deadlock
1411092731,-1,B00,false,false,false,false,false,false,false,false,false,false,false,false,false,false,reset
1411092731,0,B01,false,false,false,false,false,false,true,false,false,false,false,false,false,false,add(a)
1411092731,1,B02,false,false,false,true,false,false,true,false,false,false,false,false,false,false,add(D)
1411092731,2,B03,false,false,false,true,false,false,true,true,false,false,false,false,false,false,add(b)
1411092731,3,B04,false,false,false,true,false,false,true,true,true,false,false,false,false,false,add(c)
1411092731,4,B05,false,false,true,true,false,false,true,true,true,false,false,false,false,false,add(C)
1411092731,5,B06,false,false,true,true,false,false,true,true,true,true,false,false,false,false,add(d)
1411092731,6,B07,false,true,true,true,false,false,true,true,true,true,false,false,false,false,add(B)
1411092731,7,B07,true,true,true,true,false,false,true,true,true,true,false,false,false,false,add(A)
1411092731,8,B07,true,true,true,true,false,false,true,true,true,true,false,false,false,false,deadlock
1212099667,-1,B00,false,false,false,false,false,false,false,false,false,false,false,false,false,false,reset
1212099667,0,B01,false,false,false,false,false,false,true,false,false,false,false,false,false,false,add(a)
1212099667,1,B02,false,false,false,true,false,false,true,false,false,false,false,false,false,false,add(D)
1212099667,2,B03,false,false,false,true,false,false,true,true,false,false,false,false,false,false,add(b)
1212099667,3,B04,false,false,false,true,false,false,true,true,true,false,false,false,false,false,add(c)
1212099667,4,B05,false,false,true,true,false,false,true,true,true,false,false,false,false,false,add(C)
1212099667,5,B06,false,false,true,true,false,false,true,true,true,true,false,false,false,false,add(d)
1212099667,6,B07,false,true,true,true,false,false,true,true,true,true,false,false,false,false,add(B)
1212099667,7,B07,true,true,true,true,false,false,true,true,true,true,false,false,false,false,add(A)
1212099667,8,B07,true,true,true,true,false,false,true,true,true,true,false,false,false,false,deadlock
1958900746,-1,B00,false,false,false,false,false,false,false,false,false,false,false,false,false,false,reset
1958900746,0,B01,false,false,false,false,false,false,true,false,false,false,false,false,false,false,add(a)
1958900746,1,B02,false,false,false,true,false,false,true,false,false,false,false,false,false,false,add(D)
1958900746,2,B03,false,false,false,true,false,false,true,true,false,false,false,false,false,false,add(b)
1958900746,3,B04,false,false,false,true,false,false,true,true,true,false,false,false,false,false,add(c)
1958900746,4,B05,false,false,true,true,false,false,true,true,true,false,false,false,false,false,add(C)
1958900746,5,B06,false,false,true,true,false,false,true,true,true,true,false,false,false,false,add(d)
1958900746,6,B07,false,true,true,true,false,false,true,true,true,true,false,false,false,false,add(B)
1958900746,7,B07,true,true,true,true,false,false,true,true,true,true,false,false,false,false,add(A)
1958900746,8,B07,true,true,true,true,false,false,true,true,true,true,false,false,false,false,deadlock
1605735263,-1,B00,false,false,false,false,false,false,false,false,false,false,false,false,false,false,reset
1605735263,0,B01,false,false,false,false,false,false,true,false,false,false,false,false,false,false,add(a)
1605735263,1,B02,false,false,false,true,false,false,true,false,false,false,false,false,false,false,add(D)
1605735263,2,B03,false,false,false,true,false,false,true,true,false,false,false,false,false,false,add(b)
1605735263,3,B04,false,false,false,true,false,false,true,true,true,false,false,false,false,false,add(c)
1605735263,4,B05,false,false,true,true,false,false,true,true,true,false,false,false,false,false,add(C)
1605735263,5,B06,false,false,true,true,false,false,true,true,true,true,false,false,false,false,add(d)
1605735263,6,B07,false,true,true,true,false,false,true,true,true,true,false,false,false,false,add(B)
1605735263,7,B07,true,true,true,true,false,false,true,true,true,true,false,false,false,false,add(A)
1605735263,8,B07,true,true,true,true,false,false,true,true,true,true,false,false,false,false,deadlock
1616923983,-1,B00,false,false,false,false,false,false,false,false,false,false,false,false,false,false,reset
1616923983,0,B01,false,false,false,false,false,false,true,false,false,false,false,false,false,false,add(a)
1616923983,1,B02,false,false,false,true,false,false,true,false,false,false,false,false,false,false,add(D)
1616923983,2,B03,false,false,false,true,false,false,true,true,false,false,false,false,false,false,add(b)
1616923983,3,B04,false,false,false,true,false,false,true,true,true,false,false,false,false,false,add(c)
1616923983,4,B05,false,false,true,true,false,false,true,true,true,false,false,false,false,false,add(C)
1616923983,5,B06,false,false,true,true,false,false,true,true,true,true,false,false,false,false,add(d)
1616923983,6,B07,false,true,true,true,false,false,true,true,true,true,false,false,false,false,add(B)
1616923983,7,B07,true,true,true,true,false,false,true,true,true,true,false,false,false,false,add(A)
1616923983,8,B07,true,true,true,true,false,false,true,true,true,true,false,false,false,false,deadlock
2082257062,-1,B00,false,false,false,false,false,false,false,false,false,false,false,false,false,false,reset
2082257062,0,B01,false,false,false,false,false,false,true,false,false,false,false,false,false,false,add(a)
2082257062,1,B02,false,false,false,true,false,false,true,false,false,false,false,false,false,false,add(D)
2082257062,2,B03,false,false,false,true,false,false,true,true,false,false,false,false,false,false,add(b)
2082257062,3,B04,false,false,false,true,false,false,true,true,true,false,false,false,false,false,add(c)
2082257062,4,B05,false,false,true,true,false,false,true,true,true,false,false,false,false,false,add(C)
2082257062,5,B06,false,false,true,true,false,false,true,true,true,true,false,false,false,false,add(d)
2082257062,6,B07,false,true,true,true,false,false,true,true,true,true,false,false,false,false,add(B)
2082257062,7,B07,true,true,true,true,false,false,true,true,true,true,false,false,false,false,add(A)
2082257062,8,B07,true,true,true,true,false,false,true,true,true,true,false,false,false,false,deadlock
243467833,-1,B00,false,false,false,false,false,false,false,false,false,false,false,false,false,false,reset
243467833,0,B01,false,false,false,false,false,false,true,false,false,false,false,false,false,false,add(a)
243467833,1,B02,false,false,false,true,false,false,true,false,false,false,false,false,false,false,add(D)
243467833,2,B03,false,false,false,true,false,false,true,true,false,false,false,false,false,false,add(b)
243467833,3,B04,false,false,false,true,false,false,true,true,true,false,false,false,false,false,add(c)
243467833,4,B05,false,false,true,true,false,false,true,true,true,false,false,false,false,false,add(C)
243467833,5,B06,false,false,true,true,false,false,true,true,true,true,false,false,false,false,add(d)
243467833,6,B07,false,true,true,true,false,false,true,true,true,true,false,false,false,false,add(B)
243467833,7,B07,true,true,true,true,false,false,true,true,true,true,false,false,false,false,add(A)
243467833,8,B07,true,true,true,true,false,false,true,true,true,true,false,false,false,false,deadlock
936654560,-1,B00,false,false,false,false,false,false,false,false,false,false,false,false,false,false,reset
936654560,0,B01,false,false,false,false,false,false,true,false,false,false,false,false,false,false,add(a)
936654560,1,B02,false,false,false,true,false,false,true,false,false,false,false,false,false,false,add(D)
936654560,2,B03,false,false,false,true,false,false,true,true,false,false,false,false,false,false,add(b)
936654560,3,B04,false,false,false,true,false,false,true,true,true,false,false,false,false,false,add(c)
936654560,4,B05,false,false,true,true,false,false,true,true,true,false,false,false,false,false,add(C)
936654560,5,B06,false,false,true,true,false,false,true,true,true,true,false,false,false,false,add(d)
936654560,6,B07,false,true,true,true,false,false,true,true,true,true,false,false,false,false,add(B)
936654560,7,B07,true,true,true,true,false,false,true,true,true,true,false,false,false,false,add(A)
936654560,8,B07,true,true,true,true,false,false,true,true,true,true,false,false,false,false,deadlock
1673548475,-1,B00,false,false,false,false,false,false,false,false,false,false,false,false,false,false,reset
1673548475,0,B01,false,false,false,false,false,false,true,false,false,false,false,false,false,false,add(a)
1673548475,1,B02,false,false,false,true,false,false,true,false,false,false,false,false,false,false,add(D)
1673548475,2,B03,false,false,false,true,false,false,true,true,false,false,false,false,false,false,add(b)
1673548475,3,B04,false,false,false,true,false,false,true,true,true,false,false,false,false,false,add(c)
1673548475,4,B05,false,false,true,true,false,false,true,true,true,false,false,false,false,false,add(C)
1673548475,5,B06,false,false,true,true,false,false,true,true,true,true,false,false,false,false,add(d)
1673548475,6,B07,false,true,true,true,false,false,true,true,true,true,false,false,false,false,add(B)
1673548475,7,B07,true,true,true,true,false,false,true,true,true,true,false,false,false,false,add(A)
1673548475,8,B07,true,true,true,true,false,false,true,true,true,true,false,false,false,false,deadlock
283121789,-1,B00,false,false,false,false,false,false,false,false,false,false,false,false,false,false,reset
283121789,0,B01,false,false,false,false,false,false,true,false,false,false,false,false,false,false,add(a)
283121789,1,B02,false,false,false,true,false,false,true,false,false,false,false,false,false,false,add(D)
283121789,2,B03,false,false,false,true,false,false,true,true,false,false,false,false,false,false,add(b)
283121789,3,B04,false,false,false,true,false,false,true,true,true,false,false,false,false,false,add(c)
283121789,4,B05,false,false,true,true,false,false,true,true,true,false,false,false,false,false,add(C)
283121789,5,B06,false,false,true,true,false,false,true,true,true,true,false,false,false,false,add(d)
283121789,6,B07,false,true,true,true,false,false,true,true,true,true,false,false,false,false,add(B)
283121789,7,B07,true,true,true,true,false,false,true,true,true,true,false,false,false,false,add(A)
283121789,8,B07,true,true,true,true,false,false,true,true,true,true,false,false,false,false,deadlock
1903975128,-1,B00,false,false,false,false,false,false,false,false,false,false,false,false,false,false,reset
1903975128,0,B01,false,false,false,false,false,false,true,false,false,false,false,false,false,false,add(a)
1903975128,1,B02,false,false,false,true,false,false,true,false,false,false,false,false,false,false,add(D)
1903975128,2,B03,false,false,false,true,false,false,true,true,false,false,false,false,false,false,add(b)
1903975128,3,B04,false,false,false,true,false,false,true,true,true,false,false,false,false,false,add(c)
1903975128,4,B05,false,false,true,true,false,false,true,true,true,false,false,false,false,false,add(C)
1903975128,5,B06,false,false,true,true,false,false,true,true,true,true,false,false,false,false,add(d)
1903975128,6,B07,false,true,true,true,false,false,true,true,true,true,false,false,false,false,add(B)
1903975128,7,B07,true,true,true,true,false,false,true,true,true,true,false,false,false,false,add(A)
1903975128,8,B07,true,true,true,true,false,false,true,true,true,true,false,false,false,false,deadlock
1749887525,-1,B00,false,false,false,false,false,false,false,false,false,false,false,false,false,false,reset
1749887525,0,B01,false,false,false,false,false,false,true,false,false,false,false,false,false,false,add(a)
1749887525,1,B02,false,false,false,true,false,false,true,false,false,false,false,false,false,false,add(D)
1749887525,2,B03,false,false,false,true,false,false,true,true,false,false,false,false,false,false,add(b)
1749887525,3,B04,false,false,false,true,false,false,true,true,true,false,false,false,false,false,add(c)
1749887525,4,B05,false,false,true,true,false,false,true,true,true,false,false,false,false,false,add(C)
1749887525,5,B06,false,false,true,true,false,false,true,true,true,true,false,false,false,false,add(d)
1749887525,6,B07,false,true,true,true,false,false,true,true,true,true,false,false,false,false,add(B)
1749887525,7,B07,true,true,true,true,false,false,true,true,true,true,false,false,false,false,add(A)
1749887525,8,B07,true,true,true,true,false,false,true,true,true,true,false,false,false,false,deadlock
1036907207,-1,B00,false,false,false,false,false,false,false,false,false,false,false,false,false,false,reset
1036907207,0,B01,false,false,false,false,false,false,true,false,false,false,false,false,false,false,add(a)
1036907207,1,B02,false,false,false,true,false,false,true,false,false,false,false,false,false,false,add(D)
1036907207,2,B03,false,false,false,true,false,false,true,true,false,false,false,false,false,false,add(b)
1036907207,3,B04,false,false,false,true,false,false,true,true,true,false,false,false,false,false,add(c)
1036907207,4,B05,false,false,true,true,false,false,true,true,true,false,false,false,false,false,add(C)
1036907207,5,B06,false,false,true,true,false,false,true,true,true,true,false,false,false,false,add(d)
1036907207,6,B07,false,true,true,true,false,false,true,true,true,true,false,false,false,false,add(B)
1036907207,7,B07,true,true,true,true,false,false,true,true,true,true,false,false,false,false,add(A)
1036907207,8,B07,true,true,true,true,false,false,true,true,true,true,false,false,false,false,deadlock
1611519883,-1,B00,false,false,false,false,false,false,false,false,false,false,false,false,false,false,reset
1611519883,0,B01,false,false,false,false,false,false,true,false,false,false,false,false,false,false,add(a)
1611519883,1,B02,false,false,false,true,false,false,true,false,false,false,false,false,false,false,add(D)
1611519883,2,B03,false,false,false,true,false,false,true,true,false,false,false,false,false,false,add(b)
1611519883,3,B04,false,false,false,true,false,false,true,true,true,false,false,false,false,false,add(c)
1611519883,4,B05,false,false,true,true,false,false,true,true,true,false,false,false,false,false,add(C)
1611519883,5,B06,false,false,true,true,false,false,true,true,true,true,false,false,false,false,add(d)
1611519883,6,B07,false,true,true,true,false,false,true,true,true,true,false,false,false,false,add(B)
1611519883,7,B07,true,true,true,true,false,false,true,true,true,true,false,false,false,false,add(A)
1611519883,8,B07,true,true,true,true,false,false,true,true,true,true,false,false,false,false,deadlock
2138921209,-1,B00,false,false,false,false,false,false,false,false,false,false,false,false,false,false,reset
2138921209,0,B01,false,false,false,false,false,false,true,false,false,false,false,false,false,false,add(a)
2138921209,1,B02,false,false,false,true,false,false,true,false,false,false,false,false,false,false,add(D)
2138921209,2,B03,false,false,false,true,false,false,true,true,false,false,false,false,false,false,add(b)
2138921209,3,B04,false,false,false,true,false,false,true,true,true,false,false,false,false,false,add(c)
2138921209,4,B05,false,false,true,true,false,false,true,true,true,false,false,false,false,false,add(C)
2138921209,5,B06,false,false,true,true,false,false,true,true,true,true,false,false,false,false,add(d)
2138921209,6,B07,false,true,true,true,false,false,true,true,true,true,false,false,false,false,add(B)
2138921209,7,B07,true,true,true,true,false,false,true,true,true,true,false,false,false,false,add(A)
2138921209,8,B07,true,true,true,true,false,false,true,true,true,true,false,false,false,false,deadlock
1193734963,-1,B00,false,false,false,false,false,false,false,false,false,false,false,false,false,false,reset
1193734963,0,B01,false,false,false,false,false,false,true,false,false,false,false,false,false,false,add(a)
1193734963,1,B02,false,false,false,true,false,false,true,false,false,false,false,false,false,false,add(D)
1193734963,2,B03,false,false,false,true,false,false,true,true,false,false,false,false,false,false,add(b)
1193734963,3,B04,false,false,false,true,false,false,true,true,true,false,false,false,false,false,add(c)
1193734963,4,B05,false,false,true,true,false,false,true,true,true,false,false,false,false,false,add(C)
1193734963,5,B06,false,false,true,true,false,false,true,true,true,true,false,false,false,false,add(d)
1193734963,6,B07,false,true,true,true,false,false,true,true,true,true,false,false,false,false,add(B)
1193734963,7,B07,true,true,true,true,false,false,true,true,true,true,false,false,false,false,add(A)
1193734963,8,B07,true,true,true,true,false,false,true,true,true,true,false,false,false,false,deadlock
141043766,-1,B00,false,false,false,false,false,false,false,false,false,false,false,false,false,false,reset
141043766,0,B01,false,false,false,false,false,false,true,false,false,false,false,false,false,false,add(a)
141043766,1,B02,false,false,false,true,false,false,true,false,false,false,false,false,false,false,add(D)
141043766,2,B03,false,false,false,true,false,false,true,true,false,false,false,false,false,false,add(b)
141043766,3,B04,false,false,false,true,false,false,true,true,true,false,false,false,false,false,add(c)
141043766,4,B05,false,false,true,true,false,false,true,true,true,false,false,false,false,false,add(C)
141043766,5,B06,false,false,true,true,false,false,true,true,true,true,false,false,false,false,add(d)
141043766,6,B07,false,true,true,true,false,false,true,true,true,true,false,false,false,false,add(B)
141043766,7,B07,true,true,true,true,false,false,true,true,true,true,false,false,false,false,add(A)
141043766,8,B07,true,true,true,true,false,false,true,true,true,true,false,false,false,false,deadlock
1812602830,-1,B00,false,false,false,false,false,false,false,false,false,false,false,false,false,false,reset
1812602830,0,B01,false,false,false,false,false,false,true,false,false,false,false,false,false,false,add(a)
1812602830,1,B02,false,false,false,true,false,false,true,false,false,false,false,false,false,false,add(D)
1812602830,2,B03,false,false,false,true,false,false,true,true,false,false,false,false,false,false,add(b)
1812602830,3,B04,false,false,false,true,false,false,true,true,true,false,false,false,false,false,add(c)
1812602830,4,B05,false,false,true,true,false,false,true,true,true,false,false,false,false,false,add(C)
1812602830,5,B06,false,false,true,true,false,false,true,true,true,true,false,false,false,false,add(d)
1812602830,6,B07,false,true,true,true,false,false,true,true,true,true,false,false,false,false,add(B)
1812602830,7,B07,true,true,true,true,false,false,true,true,true,true,false,false,false,false,add(A)
1812602830,8,B07,true,true,true,true,false,false,true,true,true,true,false,false,false,false,deadlock
736991764,-1,B00,false,false,false,false,false,false,false,false,false,false,false,false,false,false,reset
736991764,0,B01,false,false,false,false,false,false,true,false,false,false,false,false,false,false,add(a)
736991764,1,B02,false,false,false,true,false,false,true,false,false,false,false,false,false,false,add(D)
736991764,2,B03,false,false,false,true,false,false,true,true,false,false,false,false,false,false,add(b)
736991764,3,B04,false,false,false,true,false,false,true,true,true,false,false,false,false,false,add(c)
736991764,4,B05,false,false,true,true,false,false,true,true,true,false,false,false,false,false,add(C)
736991764,5,B06,false,false,true,true,false,false,true,true,true,true,false,false,false,false,add(d)
736991764,6,B07,false,true,true,true,false,false,true,true,true,true,false,false,false,false,add(B)
736991764,7,B07,true,true,true,true,false,false,true,true,true,true,false,false,false,false,add(A)
736991764,8,B07,true,true,true,true,false,false,true,true,true,true,false,false,false,false,deadlock
637650289,-1,B00,false,false,false,false,false,false,false,false,false,false,false,false,false,false,reset
637650289,0,B01,false,false,false,false,false,false,true,false,false,false,false,false,false,false,add(a)
637650289,1,B02,false,false,false,true,false,false,true,false,false,false,false,false,false,false,add(D)
637650289,2,B03,false,false,false,true,false,false,true,true,false,false,false,false,false,false,add(b)
637650289,3,B04,false,false,false,true,false,false,true,true,true,false,false,false,false,false,add(c)
637650289,4,B05,false,false,true,true,false,false,true,true,true,false,false,false,false,false,add(C)
637650289,5,B06,false,false,true,true,false,false,true,true,true,true,false,false,false,false,add(d)
637650289,6,B07,false,true,true,true,false,false,true,true,true,true,false,false,false,false,add(B)
637650289,7,B07,true,true,true,true,false,false,true,true,true,true,false,false,false,false,add(A)
637650289,8,B07,true,true,true,true,false,false,true,true,true,true,false,false,false,false,deadlock
2080547009,-1,B00,false,false,false,false,false,false,false,false,false,false,false,false,false,false,reset
2080547009,0,B01,false,false,false,false,false,false,true,false,false,false,false,false,false,false,add(a)
2080547009,1,B02,false,false,false,true,false,false,true,false,false,false,false,false,false,false,add(D)
2080547009,2,B03,false,false,false,true,false,false,true,true,false,false,false,false,false,false,add(b)
2080547009,3,B04,false,false,false,true,false,false,true,true,true,false,false,false,false,false,add(c)
2080547009,4,B05,false,false,true,true,false,false,true,true,true,false,false,false,false,false,add(C)
2080547009,5,B06,false,false,true,true,false,false,true,true,true,true,false,false,false,false,add(d)
2080547009,6,B07,false,true,true,true,false,false,true,true,true,true,false,false,false,false,add(B)
2080547009,7,B07,true,true,true,true,false,false,true,true,true,true,false,false,false,false,add(A)
2080547009,8,B07,true,true,true,true,false,false,true,true,true,true,false,false,false,false,deadlock
1853219356,-1,B00,false,false,false,false,false,false,false,false,false,false,false,false,false,false,reset
1853219356,0,B01,false,false,false,false,false,false,true,false,false,false,false,false,false,false,add(a)
1853219356,1,B02,false,false,false,true,false,false,true,false,false,false,false,false,false,false,add(D)
1853219356,2,B03,false,false,false,true,false,false,true,true,false,false,false,false,false,false,add(b)
1853219356,3,B04,false,false,false,true,false,false,true,true,true,false,false,false,false,false,add(c)
1853219356,4,B05,false,false,true,true,false,false,true,true,true,false,false,false,false,false,add(C)
1853219356,5,B06,false,false,true,true,false,false,true,true,true,true,false,false,false,false,add(d)
1853219356,6,B07,false,true,true,true,false,false,true,true,true,true,false,false,false,false,add(B)
1853219356,7,B07,true,true,true,true,false,false,true,true,true,true,false,false,false,false,add(A)
1853219356,8,B07,true,true,true,true,false,false,true,true,true,true,false,false,false,false,deadlock
900295886,-1,B00,false,false,false,false,false,false,false,false,false,false,false,false,false,false,reset
900295886,0,B01,false,false,false,false,false,false,true,false,false,false,false,false,false,false,add(a)
900295886,1,B02,false,false,false,true,false,false,true,false,false,false,false,false,false,false,add(D)
900295886,2,B03,false,false,false,true,false,false,true,true,false,false,false,false,false,false,add(b)
900295886,3,B04,false,false,false,true,false,false,true,true,true,false,false,false,false,false,add(c)
900295886,4,B05,false,false,true,true,false,false,true,true,true,false,false,false,false,false,add(C)
900295886,5,B06,false,false,true,true,false,false,true,true,true,true,false,false,false,false,add(d)
900295886,6,B07,false,true,true,true,false,false,true,true,true,true,false,false,false,false,add(B)
900295886,7,B07,true,true,true,true,false,false,true,true,true,true,false,false,false,false,add(A)
900295886,8,B07,true,true,true,true,false,false,true,true,true,true,false,false,false,false,deadlock
1038476985,-1,B00,false,false,false,false,false,false,false,false,false,false,false,false,false,false,reset
1038476985,0,B01,false,false,false,false,false,false,true,false,false,false,false,false,false,false,add(a)
1038476985,1,B02,false,false,false,true,false,false,true,false,false,false,false,false,false,false,add(D)
1038476985,2,B03,false,false,false,true,false,false,true,true,false,false,false,false,false,false,add(b)
1038476985,3,B04,false,false,false,true,false,false,true,true,true,false,false,false,false,false,add(c)
1038476985,4,B05,false,false,true,true,false,false,true,true,true,false,false,false,false,false,add(C)
1038476985,5,B06,false,false,true,true,false,false,true,true,true,true,false,false,false,false,add(d)
1038476985,6,B07,false,true,true,true,false,false,true,true,true,true,false,false,false,false,add(B)
1038476985,7,B07,true,true,true,true,false,false,true,true,true,true,false,false,false,false,add(A)
1038476985,8,B07,true,true,true,true,false,false,true,true,true,true,false,false,false,false,deadlock
559340748,-1,B00,false,false,false,false,false,false,false,false,false,false,false,false,false,false,reset
559340748,0,B01,false,false,false,false,false,false,true,false,false,false,false,false,false,false,add(a)
559340748,1,B02,false,false,false,true,false,false,true,false,false,false,false,false,false,false,add(D)
559340748,2,B03,false,false,false,true,false,false,true,true,false,false,false,false,false,false,add(b)
559340748,3,B04,false,false,false,true,false,false,true,true,true,false,false,false,false,false,add(c)
559340748,4,B05,false,false,true,true,false,false,true,true,true,false,false,false,false,false,add(C)
559340748,5,B06,false,false,true,true,false,false,true,true,true,true,false,false,false,false,add(d)
559340748,6,B07,false,true,true,true,false,false,true,true,true,true,false,false,false,false,add(B)
559340748,7,B07,true,true,true,true,false,false,true,true,true,true,false,false,false,false,add(A)
559340748,8,B07,true,true,true,true,false,false,true,true,true,true,false,false,false,false,deadlock
1075467212,-1,B00,false,false,false,false,false,false,false,false,false,false,false,false,false,false,reset
1075467212,0,B01,false,false,false,false,false,false,true,false,false,false,false,false,false,false,add(a)
1075467212,1,B02,false,false,false,true,false,false,true,false,false,false,false,false,false,false,add(D)
1075467212,2,B03,false,false,false,true,false,false,true,true,false,false,false,false,false,false,add(b)
1075467212,3,B04,false,false,false,true,false,false,true,true,true,false,false,false,false,false,add(c)
1075467212,4,B05,false,false,true,true,false,false,true,true,true,false,false,false,false,false,add(C)
1075467212,5,B06,false,false,true,true,false,false,true,true,true,true,false,false,false,false,add(d)
1075467212,6,B07,false,true,true,true,false,false,true,true,true,true,false,false,false,false,add(B)
1075467212,7,B07,true,true,true,true,false,false,true,true,true,true,false,false,false,false,add(A)
1075467212,8,B07,true,true,true,true,false,false,true,true,true,true,false,false,false,false,deadlock
158214057,-1,B00,false,false,false,false,false,false,false,false,false,false,false,false,false,false,reset
158214057,0,B01,false,false,false,false,false,false,true,false,false,false,false,false,false,false,add(a)
158214057,1,B02,false,false,false,true,false,false,true,false,false,false,false,false,false,false,add(D)
158214057,2,B03,false,false,false,true,false,false,true,true,false,false,false,false,false,false,add(b)
158214057,3,B04,false,false,false,true,false,false,true,true,true,false,false,false,false,false,add(c)
158214057,4,B05,false,false,true,true,false,false,true,true,true,false,false,false,false,false,add(C)
158214057,5,B06,false,false,true,true,false,false,true,true,true,true,false,false,false,false,add(d)
158214057,6,B07,false,true,true,true,false,false,true,true,true,true,false,false,false,false,add(B)
158214057,7,B07,true,true,true,true,false,false,true,true,true,true,false,false,false,false,add(A)
158214057,8,B07,true,true,true,true,false,false,true,true,true,true,false,false,false,false,deadlock
